Using pre-set license
Built from '2020.3/staging' branch; Version is '2020.3.6f1 (338bb68529b2) revision 3378102'; Using compiler version '192528614'; Build Type 'Release'
OS: 'Windows 10 Home Single Language; OS build 19042.1237; Version 2009; 64bit' Language: 'ru' Physical Memory: 8128 MB
BatchMode: 1, IsHumanControllingUs: 0, StartBugReporterOnCrash: 0, Is64bit: 1, IsPro: 0

 COMMAND LINE ARGUMENTS:
C:\Program Files\Unity\Hub\Editor\2020.3.6f1\Editor\Unity.exe
-adb2
-batchMode
-noUpm
-name
AssetImportWorker0
-projectPath
D:/Progs/Unity/Connect4_3D
-logFile
Logs/AssetImportWorker0.log
-srvPort
49881
Successfully changed project path to: D:/Progs/Unity/Connect4_3D
D:/Progs/Unity/Connect4_3D
Using Asset Import Pipeline V2.
Refreshing native plugins compatible for Editor in 34.28 ms, found 0 plugins.
Preloading 0 native plugins for Editor in 0.00 ms.
Initialize engine version: 2020.3.6f1 (338bb68529b2)
[Subsystems] Discovering subsystems at path C:/Program Files/Unity/Hub/Editor/2020.3.6f1/Editor/Data/Resources/UnitySubsystems
[Subsystems] Discovering subsystems at path D:/Progs/Unity/Connect4_3D/Assets
GfxDevice: creating device client; threaded=0
Direct3D:
    Version:  Direct3D 11.0 [level 11.1]
    Renderer: Radeon RX 580 Series (ID=0x67df)
    Vendor:   
    VRAM:     4075 MB
    Driver:   27.20.1034.6
Initialize mono
Mono path[0] = 'C:/Program Files/Unity/Hub/Editor/2020.3.6f1/Editor/Data/Managed'
Mono path[1] = 'C:/Program Files/Unity/Hub/Editor/2020.3.6f1/Editor/Data/MonoBleedingEdge/lib/mono/unityjit'
Mono config path = 'C:/Program Files/Unity/Hub/Editor/2020.3.6f1/Editor/Data/MonoBleedingEdge/etc'
Using monoOptions --debugger-agent=transport=dt_socket,embedding=1,server=y,suspend=n,address=127.0.0.1:56536
Begin MonoManager ReloadAssembly
Registering precompiled unity dll's ...
Register platform support module: C:/Program Files/Unity/Hub/Editor/2020.3.6f1/Editor/Data/PlaybackEngines/WebGLSupport/UnityEditor.WebGL.Extensions.dll
Register platform support module: C:/Program Files/Unity/Hub/Editor/2020.3.6f1/Editor/Data/PlaybackEngines/WindowsStandaloneSupport/UnityEditor.WindowsStandalone.Extensions.dll
Registered in 0.273058 seconds.
Native extension for WindowsStandalone target not found
Native extension for WebGL target not found
Refreshing native plugins compatible for Editor in 35.54 ms, found 0 plugins.
Preloading 0 native plugins for Editor in 0.00 ms.
Mono: successfully reloaded assembly
- Completed reload, in  5.312 seconds
Platform modules already initialized, skipping
Registering precompiled user dll's ...
Registered in 0.050355 seconds.
Begin MonoManager ReloadAssembly
Native extension for WindowsStandalone target not found
Native extension for WebGL target not found
Refreshing native plugins compatible for Editor in 0.39 ms, found 0 plugins.
Preloading 0 native plugins for Editor in 0.00 ms.
Mono: successfully reloaded assembly
- Completed reload, in  3.086 seconds
Platform modules already initialized, skipping
========================================================================
Worker process is ready to serve import requests
Launched and connected shader compiler UnityShaderCompiler.exe after 0.06 seconds
Refreshing native plugins compatible for Editor in 0.33 ms, found 0 plugins.
Preloading 0 native plugins for Editor in 0.00 ms.
Unloading 1487 Unused Serialized files (Serialized files now loaded: 0)
System memory in use before: 72.8 MB.
System memory in use after: 72.8 MB.

Unloading 11 unused Assets to reduce memory usage. Loaded Objects now: 1931.
Total: 2.385300 ms (FindLiveObjects: 0.263600 ms CreateObjectMapping: 0.091900 ms MarkObjects: 1.881900 ms  DeleteObjects: 0.146400 ms)

========================================================================
Received Import Request.
  path: Assets/Game GUI Vol1
  artifactKey: Guid(a7c403c2f62af4c47adfc8731f432602) Importer(815301076,1909f56bfc062723c751e8b465ee728b)
Start importing Assets/Game GUI Vol1 using Guid(a7c403c2f62af4c47adfc8731f432602) Importer(815301076,1909f56bfc062723c751e8b465ee728b)  -> (artifact id: 'fb0c10114cd11321484392d5b6a085b6') in 0.011550 seconds
  Import took 0.069329 seconds .

========================================================================
Received Import Request.
  Time since last request: 0.000525 seconds.
  path: Assets/Game GUI Vol1/WoodenBlocks
  artifactKey: Guid(38aacccc0e11d4fa2b43990edd2a583f) Importer(815301076,1909f56bfc062723c751e8b465ee728b)
Start importing Assets/Game GUI Vol1/WoodenBlocks using Guid(38aacccc0e11d4fa2b43990edd2a583f) Importer(815301076,1909f56bfc062723c751e8b465ee728b)  -> (artifact id: 'b0cbc0c128a24c5437af091675439049') in 0.007396 seconds
  Import took 0.070904 seconds .

========================================================================
Received Import Request.
  Time since last request: 0.000242 seconds.
  path: Assets/Game GUI Vol1/WoodenBlocks/PNG/LeftArrow.png
  artifactKey: Guid(f2c06d80ab9bd4de2ae0a7876f25299d) Importer(815301076,1909f56bfc062723c751e8b465ee728b)
Start importing Assets/Game GUI Vol1/WoodenBlocks/PNG/LeftArrow.png using Guid(f2c06d80ab9bd4de2ae0a7876f25299d) Importer(815301076,1909f56bfc062723c751e8b465ee728b)  -> (artifact id: '03eced9cea34e38d1d215794c41b5cfc') in 0.157105 seconds
  Import took 0.162662 seconds .

========================================================================
Received Import Request.
  Time since last request: 0.000275 seconds.
  path: Assets/Game GUI Vol1/WoodenBlocks/PNG
  artifactKey: Guid(511c6c09e455d4d44a3400e22b473172) Importer(815301076,1909f56bfc062723c751e8b465ee728b)
Start importing Assets/Game GUI Vol1/WoodenBlocks/PNG using Guid(511c6c09e455d4d44a3400e22b473172) Importer(815301076,1909f56bfc062723c751e8b465ee728b)  -> (artifact id: '21b34431a52de09d97b61f579cd2111f') in 0.006073 seconds
  Import took 0.030422 seconds .

========================================================================
Received Import Request.
  Time since last request: 0.000265 seconds.
  path: Assets/Game GUI Vol1/WoodenBlocks/PNG/Menu.png
  artifactKey: Guid(21a4f3d60a402429ebe35a661aa8a158) Importer(815301076,1909f56bfc062723c751e8b465ee728b)
Start importing Assets/Game GUI Vol1/WoodenBlocks/PNG/Menu.png using Guid(21a4f3d60a402429ebe35a661aa8a158) Importer(815301076,1909f56bfc062723c751e8b465ee728b)  -> (artifact id: 'f307d5260e6b9d6120949d7f97827d9f') in 0.012351 seconds
  Import took 0.040031 seconds .

========================================================================
Received Import Request.
  Time since last request: 0.000234 seconds.
  path: Assets/Sprites
  artifactKey: Guid(73dd5c7199ad1c849b830829d64d4e52) Importer(815301076,1909f56bfc062723c751e8b465ee728b)
Start importing Assets/Sprites using Guid(73dd5c7199ad1c849b830829d64d4e52) Importer(815301076,1909f56bfc062723c751e8b465ee728b)  -> (artifact id: '4b78c49f239a776d0646b4a562518517') in 0.008452 seconds
  Import took 0.023606 seconds .

========================================================================
Received Import Request.
  Time since last request: 0.000256 seconds.
  path: Assets/Game GUI Vol1/WoodenBlocks/PNG/RightArrow.png
  artifactKey: Guid(29511ee6c48ef4fe7ad496aba8b4036e) Importer(815301076,1909f56bfc062723c751e8b465ee728b)
Start importing Assets/Game GUI Vol1/WoodenBlocks/PNG/RightArrow.png using Guid(29511ee6c48ef4fe7ad496aba8b4036e) Importer(815301076,1909f56bfc062723c751e8b465ee728b)  -> (artifact id: 'a5d3ac5a54fb29d06133050e7d4b7d51') in 0.016206 seconds
  Import took 0.020443 seconds .

========================================================================
Received Import Request.
  Time since last request: 0.000240 seconds.
  path: Assets/Game GUI Vol1/WoodenBlocks/PNG/Restart.png
  artifactKey: Guid(59e899b457bb24211ba8899f1a5d1d8b) Importer(815301076,1909f56bfc062723c751e8b465ee728b)
Start importing Assets/Game GUI Vol1/WoodenBlocks/PNG/Restart.png using Guid(59e899b457bb24211ba8899f1a5d1d8b) Importer(815301076,1909f56bfc062723c751e8b465ee728b)  -> (artifact id: 'ea843f056883e654fee598b43b883a67') in 0.015572 seconds
  Import took 0.048579 seconds .

========================================================================
Received Import Request.
  Time since last request: 0.000336 seconds.
  path: Assets/Game GUI Vol1/WoodenBlocks/PNG/Restart.png
  artifactKey: Guid(59e899b457bb24211ba8899f1a5d1d8b) Importer(815301076,1909f56bfc062723c751e8b465ee728b)
Start importing Assets/Game GUI Vol1/WoodenBlocks/PNG/Restart.png using Guid(59e899b457bb24211ba8899f1a5d1d8b) Importer(815301076,1909f56bfc062723c751e8b465ee728b)  -> (artifact id: 'ea843f056883e654fee598b43b883a67') in 0.015614 seconds
  Import took 0.018561 seconds .

========================================================================
Received Import Request.
  Time since last request: 15.249207 seconds.
  path: Assets/Sprites/Tools
  artifactKey: Guid(9bf31982fd5ecb34f9e8d4a9aafef437) Importer(815301076,1909f56bfc062723c751e8b465ee728b)
Start importing Assets/Sprites/Tools using Guid(9bf31982fd5ecb34f9e8d4a9aafef437) Importer(815301076,1909f56bfc062723c751e8b465ee728b)  -> (artifact id: '008a9be7e83efafb1923099809e4ca15') in 0.007095 seconds
  Import took 0.010555 seconds .

========================================================================
Received Prepare
Registering precompiled user dll's ...
Registered in 0.001030 seconds.
Begin MonoManager ReloadAssembly
Native extension for WindowsStandalone target not found
Native extension for WebGL target not found
Refreshing native plugins compatible for Editor in 0.34 ms, found 0 plugins.
Preloading 0 native plugins for Editor in 0.00 ms.
Mono: successfully reloaded assembly
- Completed reload, in  1.058 seconds
Platform modules already initialized, skipping
Refreshing native plugins compatible for Editor in 0.39 ms, found 0 plugins.
Preloading 0 native plugins for Editor in 0.00 ms.
Unloading 1460 Unused Serialized files (Serialized files now loaded: 0)
System memory in use before: 73.6 MB.
System memory in use after: 73.6 MB.

Unloading 6 unused Assets to reduce memory usage. Loaded Objects now: 1940.
Total: 2.505600 ms (FindLiveObjects: 0.236900 ms CreateObjectMapping: 0.060300 ms MarkObjects: 2.032300 ms  DeleteObjects: 0.173700 ms)

========================================================================
Received Import Request.
  Time since last request: 1594.570436 seconds.
  path: Assets/Scripts/Game.cs
  artifactKey: Guid(415775756c33937468ed1ecf3b007551) Importer(815301076,1909f56bfc062723c751e8b465ee728b)
Start importing Assets/Scripts/Game.cs using Guid(415775756c33937468ed1ecf3b007551) Importer(815301076,1909f56bfc062723c751e8b465ee728b)  -> (artifact id: '5bf796e94973c852039350a48ae2fd44') in 0.015929 seconds
  Import took 0.030167 seconds .

========================================================================
Received Prepare
Registering precompiled user dll's ...
Registered in 0.000976 seconds.
Begin MonoManager ReloadAssembly
Native extension for WindowsStandalone target not found
Native extension for WebGL target not found
Refreshing native plugins compatible for Editor in 0.34 ms, found 0 plugins.
Preloading 0 native plugins for Editor in 0.00 ms.
Mono: successfully reloaded assembly
- Completed reload, in  1.089 seconds
Platform modules already initialized, skipping
Refreshing native plugins compatible for Editor in 0.34 ms, found 0 plugins.
Preloading 0 native plugins for Editor in 0.00 ms.
Unloading 1460 Unused Serialized files (Serialized files now loaded: 0)
System memory in use before: 73.6 MB.
System memory in use after: 73.7 MB.

Unloading 6 unused Assets to reduce memory usage. Loaded Objects now: 1943.
Total: 2.351000 ms (FindLiveObjects: 0.334700 ms CreateObjectMapping: 0.045400 ms MarkObjects: 1.830000 ms  DeleteObjects: 0.136700 ms)

========================================================================
Received Import Request.
  Time since last request: 2293.377606 seconds.
  path: Assets/Scripts/Game.cs
  artifactKey: Guid(415775756c33937468ed1ecf3b007551) Importer(815301076,1909f56bfc062723c751e8b465ee728b)
Start importing Assets/Scripts/Game.cs using Guid(415775756c33937468ed1ecf3b007551) Importer(815301076,1909f56bfc062723c751e8b465ee728b)  -> (artifact id: '5604e6827f76f9dcbd83ad843616abd0') in 0.004941 seconds
  Import took 0.021628 seconds .

========================================================================
Received Prepare
Registering precompiled user dll's ...
Registered in 0.000742 seconds.
Begin MonoManager ReloadAssembly
Native extension for WindowsStandalone target not found
Native extension for WebGL target not found
Refreshing native plugins compatible for Editor in 0.54 ms, found 0 plugins.
Preloading 0 native plugins for Editor in 0.00 ms.
Mono: successfully reloaded assembly
- Completed reload, in  1.065 seconds
Platform modules already initialized, skipping
Refreshing native plugins compatible for Editor in 0.37 ms, found 0 plugins.
Preloading 0 native plugins for Editor in 0.00 ms.
Unloading 1460 Unused Serialized files (Serialized files now loaded: 0)
System memory in use before: 73.7 MB.
System memory in use after: 73.7 MB.

Unloading 6 unused Assets to reduce memory usage. Loaded Objects now: 1946.
Total: 3.796000 ms (FindLiveObjects: 0.694700 ms CreateObjectMapping: 0.053400 ms MarkObjects: 2.931500 ms  DeleteObjects: 0.113900 ms)

========================================================================
Received Prepare
Registering precompiled user dll's ...
Registered in 0.000791 seconds.
Begin MonoManager ReloadAssembly
Native extension for WindowsStandalone target not found
Native extension for WebGL target not found
Refreshing native plugins compatible for Editor in 0.34 ms, found 0 plugins.
Preloading 0 native plugins for Editor in 0.00 ms.
Mono: successfully reloaded assembly
- Completed reload, in  1.044 seconds
Platform modules already initialized, skipping
Refreshing native plugins compatible for Editor in 0.98 ms, found 0 plugins.
Preloading 0 native plugins for Editor in 0.00 ms.
Unloading 1460 Unused Serialized files (Serialized files now loaded: 0)
System memory in use before: 73.7 MB.
System memory in use after: 73.7 MB.

Unloading 6 unused Assets to reduce memory usage. Loaded Objects now: 1949.
Total: 2.486900 ms (FindLiveObjects: 0.353500 ms CreateObjectMapping: 0.049300 ms MarkObjects: 1.944400 ms  DeleteObjects: 0.138500 ms)

========================================================================
Received Prepare
Registering precompiled user dll's ...
Registered in 0.000753 seconds.
Begin MonoManager ReloadAssembly
Native extension for WindowsStandalone target not found
Native extension for WebGL target not found
Refreshing native plugins compatible for Editor in 0.34 ms, found 0 plugins.
Preloading 0 native plugins for Editor in 0.00 ms.
Mono: successfully reloaded assembly
- Completed reload, in  1.067 seconds
Platform modules already initialized, skipping
Refreshing native plugins compatible for Editor in 0.34 ms, found 0 plugins.
Preloading 0 native plugins for Editor in 0.00 ms.
Unloading 1460 Unused Serialized files (Serialized files now loaded: 0)
System memory in use before: 73.7 MB.
System memory in use after: 73.7 MB.

Unloading 6 unused Assets to reduce memory usage. Loaded Objects now: 1952.
Total: 2.321300 ms (FindLiveObjects: 0.242300 ms CreateObjectMapping: 0.044600 ms MarkObjects: 1.870000 ms  DeleteObjects: 0.162700 ms)

========================================================================
Received Prepare
Registering precompiled user dll's ...
Registered in 0.000746 seconds.
Begin MonoManager ReloadAssembly
Native extension for WindowsStandalone target not found
Native extension for WebGL target not found
Refreshing native plugins compatible for Editor in 0.35 ms, found 0 plugins.
Preloading 0 native plugins for Editor in 0.00 ms.
Mono: successfully reloaded assembly
- Completed reload, in  1.055 seconds
Platform modules already initialized, skipping
Refreshing native plugins compatible for Editor in 0.34 ms, found 0 plugins.
Preloading 0 native plugins for Editor in 0.00 ms.
Unloading 1460 Unused Serialized files (Serialized files now loaded: 0)
System memory in use before: 73.7 MB.
System memory in use after: 73.7 MB.

Unloading 6 unused Assets to reduce memory usage. Loaded Objects now: 1955.
Total: 2.287000 ms (FindLiveObjects: 0.240100 ms CreateObjectMapping: 0.045700 ms MarkObjects: 1.885700 ms  DeleteObjects: 0.114200 ms)

========================================================================
Received Prepare
Registering precompiled user dll's ...
Registered in 0.000780 seconds.
Begin MonoManager ReloadAssembly
Native extension for WindowsStandalone target not found
Native extension for WebGL target not found
Refreshing native plugins compatible for Editor in 0.49 ms, found 0 plugins.
Preloading 0 native plugins for Editor in 0.00 ms.
Mono: successfully reloaded assembly
- Completed reload, in  1.055 seconds
Platform modules already initialized, skipping
Refreshing native plugins compatible for Editor in 0.39 ms, found 0 plugins.
Preloading 0 native plugins for Editor in 0.00 ms.
Unloading 1460 Unused Serialized files (Serialized files now loaded: 0)
System memory in use before: 73.7 MB.
System memory in use after: 73.7 MB.

Unloading 6 unused Assets to reduce memory usage. Loaded Objects now: 1958.
Total: 2.154700 ms (FindLiveObjects: 0.227500 ms CreateObjectMapping: 0.046600 ms MarkObjects: 1.768500 ms  DeleteObjects: 0.110900 ms)

========================================================================
Received Prepare
Registering precompiled user dll's ...
Registered in 0.000804 seconds.
Begin MonoManager ReloadAssembly
Native extension for WindowsStandalone target not found
Native extension for WebGL target not found
Refreshing native plugins compatible for Editor in 0.34 ms, found 0 plugins.
Preloading 0 native plugins for Editor in 0.00 ms.
Mono: successfully reloaded assembly
- Completed reload, in  1.065 seconds
Platform modules already initialized, skipping
Refreshing native plugins compatible for Editor in 0.33 ms, found 0 plugins.
Preloading 0 native plugins for Editor in 0.00 ms.
Unloading 1460 Unused Serialized files (Serialized files now loaded: 0)
System memory in use before: 73.7 MB.
System memory in use after: 73.7 MB.

Unloading 6 unused Assets to reduce memory usage. Loaded Objects now: 1961.
Total: 2.205700 ms (FindLiveObjects: 0.221900 ms CreateObjectMapping: 0.042500 ms MarkObjects: 1.830100 ms  DeleteObjects: 0.110100 ms)

========================================================================
Received Prepare
Registering precompiled user dll's ...
Registered in 0.000965 seconds.
Begin MonoManager ReloadAssembly
Native extension for WindowsStandalone target not found
Native extension for WebGL target not found
Refreshing native plugins compatible for Editor in 0.45 ms, found 0 plugins.
Preloading 0 native plugins for Editor in 0.00 ms.
Mono: successfully reloaded assembly
- Completed reload, in  1.072 seconds
Platform modules already initialized, skipping
Refreshing native plugins compatible for Editor in 0.36 ms, found 0 plugins.
Preloading 0 native plugins for Editor in 0.00 ms.
Unloading 1460 Unused Serialized files (Serialized files now loaded: 0)
System memory in use before: 73.7 MB.
System memory in use after: 73.7 MB.

Unloading 6 unused Assets to reduce memory usage. Loaded Objects now: 1964.
Total: 2.416200 ms (FindLiveObjects: 0.292400 ms CreateObjectMapping: 0.046000 ms MarkObjects: 1.949900 ms  DeleteObjects: 0.125700 ms)

========================================================================
Received Import Request.
  Time since last request: 1850.486510 seconds.
  path: Assets/Sprites/Tools/TestLeftArrow.png
  artifactKey: Guid(638a707246411854594234452d24ee7b) Importer(815301076,1909f56bfc062723c751e8b465ee728b)
Start importing Assets/Sprites/Tools/TestLeftArrow.png using Guid(638a707246411854594234452d24ee7b) Importer(815301076,1909f56bfc062723c751e8b465ee728b)  -> (artifact id: 'd879a47af3dc82684ef940d2cd3bee29') in 0.055640 seconds
  Import took 0.170642 seconds .

========================================================================
Received Import Request.
  Time since last request: 0.000455 seconds.
  path: Assets/Sprites/Tools/TestRightArrow.png
  artifactKey: Guid(25ae86fe399db2648a6a0afaea6ba1fc) Importer(815301076,1909f56bfc062723c751e8b465ee728b)
Start importing Assets/Sprites/Tools/TestRightArrow.png using Guid(25ae86fe399db2648a6a0afaea6ba1fc) Importer(815301076,1909f56bfc062723c751e8b465ee728b)  -> (artifact id: 'ea74fb60c85bc2b5acb408e99720c16d') in 0.014736 seconds
  Import took 0.018703 seconds .

========================================================================
Received Import Request.
  Time since last request: 11.997492 seconds.
  path: Assets/Sprites/Tools/TestLeftArrow.png
  artifactKey: Guid(638a707246411854594234452d24ee7b) Importer(815301076,1909f56bfc062723c751e8b465ee728b)
Start importing Assets/Sprites/Tools/TestLeftArrow.png using Guid(638a707246411854594234452d24ee7b) Importer(815301076,1909f56bfc062723c751e8b465ee728b)  -> (artifact id: '1c6a1fe196ee3cf83403a4b1b777bcdd') in 0.038241 seconds
  Import took 0.041573 seconds .

========================================================================
Received Import Request.
  Time since last request: 5.340644 seconds.
  path: Assets/Sprites/Tools/TestRightArrow.png
  artifactKey: Guid(25ae86fe399db2648a6a0afaea6ba1fc) Importer(815301076,1909f56bfc062723c751e8b465ee728b)
Start importing Assets/Sprites/Tools/TestRightArrow.png using Guid(25ae86fe399db2648a6a0afaea6ba1fc) Importer(815301076,1909f56bfc062723c751e8b465ee728b)  -> (artifact id: '8aac3f197d53ccc51b52f706847bf55c') in 0.015912 seconds
  Import took 0.019228 seconds .

========================================================================
Received Import Request.
  Time since last request: 0.004757 seconds.
  path: Assets/Sprites/Tools/TestRightArrow.png
  artifactKey: Guid(25ae86fe399db2648a6a0afaea6ba1fc) Importer(815301076,1909f56bfc062723c751e8b465ee728b)
Start importing Assets/Sprites/Tools/TestRightArrow.png using Guid(25ae86fe399db2648a6a0afaea6ba1fc) Importer(815301076,1909f56bfc062723c751e8b465ee728b)  -> (artifact id: '8aac3f197d53ccc51b52f706847bf55c') in 0.014219 seconds
  Import took 0.017255 seconds .

========================================================================
Received Prepare
Registering precompiled user dll's ...
Registered in 0.000836 seconds.
Begin MonoManager ReloadAssembly
Native extension for WindowsStandalone target not found
Native extension for WebGL target not found
Refreshing native plugins compatible for Editor in 0.34 ms, found 0 plugins.
Preloading 0 native plugins for Editor in 0.00 ms.
Mono: successfully reloaded assembly
- Completed reload, in  1.008 seconds
Platform modules already initialized, skipping
Refreshing native plugins compatible for Editor in 0.34 ms, found 0 plugins.
Preloading 0 native plugins for Editor in 0.00 ms.
Unloading 1460 Unused Serialized files (Serialized files now loaded: 0)
System memory in use before: 73.7 MB.
System memory in use after: 73.8 MB.

Unloading 6 unused Assets to reduce memory usage. Loaded Objects now: 1968.
Total: 2.379400 ms (FindLiveObjects: 0.291300 ms CreateObjectMapping: 0.054600 ms MarkObjects: 1.920800 ms  DeleteObjects: 0.111300 ms)

========================================================================
Received Import Request.
  Time since last request: 727.245462 seconds.
  path: Assets/Sprites/Tools/TestRightArrow.png
  artifactKey: Guid(25ae86fe399db2648a6a0afaea6ba1fc) Importer(815301076,1909f56bfc062723c751e8b465ee728b)
Start importing Assets/Sprites/Tools/TestRightArrow.png using Guid(25ae86fe399db2648a6a0afaea6ba1fc) Importer(815301076,1909f56bfc062723c751e8b465ee728b)  -> (artifact id: 'f711c209e4be62e2e3f403c4786d71c0') in 0.152390 seconds
  Import took 0.155668 seconds .

========================================================================
Received Prepare
Registering precompiled user dll's ...
Registered in 0.001122 seconds.
Begin MonoManager ReloadAssembly
Native extension for WindowsStandalone target not found
Native extension for WebGL target not found
Refreshing native plugins compatible for Editor in 0.35 ms, found 0 plugins.
Preloading 0 native plugins for Editor in 0.00 ms.
Mono: successfully reloaded assembly
- Completed reload, in  1.016 seconds
Platform modules already initialized, skipping
Refreshing native plugins compatible for Editor in 0.33 ms, found 0 plugins.
Preloading 0 native plugins for Editor in 0.00 ms.
Unloading 1460 Unused Serialized files (Serialized files now loaded: 0)
System memory in use before: 73.7 MB.
System memory in use after: 73.8 MB.

Unloading 6 unused Assets to reduce memory usage. Loaded Objects now: 1972.
Total: 2.370000 ms (FindLiveObjects: 0.228400 ms CreateObjectMapping: 0.045800 ms MarkObjects: 1.978600 ms  DeleteObjects: 0.115300 ms)

========================================================================
Received Import Request.
  Time since last request: 818.993183 seconds.
  path: Assets/Sprites/Tools/TestRestart.png
  artifactKey: Guid(42612a5933c63d449be79dfa01960a98) Importer(815301076,1909f56bfc062723c751e8b465ee728b)
Start importing Assets/Sprites/Tools/TestRestart.png using Guid(42612a5933c63d449be79dfa01960a98) Importer(815301076,1909f56bfc062723c751e8b465ee728b)  -> (artifact id: '00a748f6d5846dd460d6a4e788b7e8db') in 0.044747 seconds
  Import took 0.081753 seconds .

========================================================================
Received Import Request.
  Time since last request: 0.000254 seconds.
  path: Assets/Sprites/Tools/TestLeftArrow.png
  artifactKey: Guid(638a707246411854594234452d24ee7b) Importer(815301076,1909f56bfc062723c751e8b465ee728b)
Start importing Assets/Sprites/Tools/TestLeftArrow.png using Guid(638a707246411854594234452d24ee7b) Importer(815301076,1909f56bfc062723c751e8b465ee728b)  -> (artifact id: 'ad66dec135acf791bfca6a71a2198459') in 0.045760 seconds
  Import took 0.048446 seconds .

========================================================================
Received Import Request.
  Time since last request: 11.159072 seconds.
  path: Assets/Sprites/Tools/TestRestart.png
  artifactKey: Guid(42612a5933c63d449be79dfa01960a98) Importer(815301076,1909f56bfc062723c751e8b465ee728b)
Start importing Assets/Sprites/Tools/TestRestart.png using Guid(42612a5933c63d449be79dfa01960a98) Importer(815301076,1909f56bfc062723c751e8b465ee728b)  -> (artifact id: '8167e1e0c2ac53e4d073463bc5a8db32') in 0.012238 seconds
  Import took 0.106879 seconds .

========================================================================
Received Prepare
Registering precompiled user dll's ...
Registered in 0.000748 seconds.
Begin MonoManager ReloadAssembly
Native extension for WindowsStandalone target not found
Native extension for WebGL target not found
Refreshing native plugins compatible for Editor in 0.34 ms, found 0 plugins.
Preloading 0 native plugins for Editor in 0.00 ms.
Mono: successfully reloaded assembly
- Completed reload, in  1.022 seconds
Platform modules already initialized, skipping
Refreshing native plugins compatible for Editor in 0.34 ms, found 0 plugins.
Preloading 0 native plugins for Editor in 0.00 ms.
Unloading 1460 Unused Serialized files (Serialized files now loaded: 0)
System memory in use before: 73.7 MB.
System memory in use after: 73.8 MB.

Unloading 6 unused Assets to reduce memory usage. Loaded Objects now: 1976.
Total: 2.427600 ms (FindLiveObjects: 0.250600 ms CreateObjectMapping: 0.045300 ms MarkObjects: 2.011700 ms  DeleteObjects: 0.118500 ms)

========================================================================
Received Prepare
Registering precompiled user dll's ...
Registered in 0.000735 seconds.
Begin MonoManager ReloadAssembly
Native extension for WindowsStandalone target not found
Native extension for WebGL target not found
Refreshing native plugins compatible for Editor in 0.34 ms, found 0 plugins.
Preloading 0 native plugins for Editor in 0.00 ms.
Mono: successfully reloaded assembly
- Completed reload, in  1.002 seconds
Platform modules already initialized, skipping
Refreshing native plugins compatible for Editor in 0.34 ms, found 0 plugins.
Preloading 0 native plugins for Editor in 0.00 ms.
Unloading 1460 Unused Serialized files (Serialized files now loaded: 0)
System memory in use before: 73.7 MB.
System memory in use after: 73.8 MB.

Unloading 6 unused Assets to reduce memory usage. Loaded Objects now: 1979.
Total: 2.357800 ms (FindLiveObjects: 0.206800 ms CreateObjectMapping: 0.046500 ms MarkObjects: 1.995000 ms  DeleteObjects: 0.108100 ms)

========================================================================
Received Import Request.
  Time since last request: 316.119256 seconds.
  path: Assets/Prefabs/TestPeak.prefab
  artifactKey: Guid(5ae53667aff5eed4a83a99606427b081) Importer(815301076,1909f56bfc062723c751e8b465ee728b)
Start importing Assets/Prefabs/TestPeak.prefab using Guid(5ae53667aff5eed4a83a99606427b081) Importer(815301076,1909f56bfc062723c751e8b465ee728b)  -> (artifact id: 'd1c0a27c751484d9ab7b2d87dc68e19a') in 0.116459 seconds
  Import took 0.157883 seconds .

========================================================================
Received Prepare
Registering precompiled user dll's ...
Registered in 0.000904 seconds.
Begin MonoManager ReloadAssembly
Native extension for WindowsStandalone target not found
Native extension for WebGL target not found
Refreshing native plugins compatible for Editor in 0.40 ms, found 0 plugins.
Preloading 0 native plugins for Editor in 0.00 ms.
Mono: successfully reloaded assembly
- Completed reload, in  1.076 seconds
Platform modules already initialized, skipping
Refreshing native plugins compatible for Editor in 0.51 ms, found 0 plugins.
Preloading 0 native plugins for Editor in 0.00 ms.
Unloading 1460 Unused Serialized files (Serialized files now loaded: 0)
System memory in use before: 73.9 MB.
System memory in use after: 73.9 MB.

Unloading 6 unused Assets to reduce memory usage. Loaded Objects now: 1989.
Total: 3.109700 ms (FindLiveObjects: 0.393000 ms CreateObjectMapping: 0.049200 ms MarkObjects: 2.445200 ms  DeleteObjects: 0.219500 ms)

========================================================================
Received Prepare
Registering precompiled user dll's ...
Registered in 0.000782 seconds.
Begin MonoManager ReloadAssembly
Native extension for WindowsStandalone target not found
Native extension for WebGL target not found
Refreshing native plugins compatible for Editor in 0.36 ms, found 0 plugins.
Preloading 0 native plugins for Editor in 0.00 ms.
Mono: successfully reloaded assembly
- Completed reload, in  1.002 seconds
Platform modules already initialized, skipping
Refreshing native plugins compatible for Editor in 0.33 ms, found 0 plugins.
Preloading 0 native plugins for Editor in 0.00 ms.
Unloading 1460 Unused Serialized files (Serialized files now loaded: 0)
System memory in use before: 73.9 MB.
System memory in use after: 73.9 MB.

Unloading 6 unused Assets to reduce memory usage. Loaded Objects now: 1992.
Total: 2.201600 ms (FindLiveObjects: 0.218500 ms CreateObjectMapping: 0.049000 ms MarkObjects: 1.818200 ms  DeleteObjects: 0.114900 ms)

========================================================================
Received Prepare
Registering precompiled user dll's ...
Registered in 0.000794 seconds.
Begin MonoManager ReloadAssembly
Native extension for WindowsStandalone target not found
Native extension for WebGL target not found
Refreshing native plugins compatible for Editor in 0.33 ms, found 0 plugins.
Preloading 0 native plugins for Editor in 0.00 ms.
Mono: successfully reloaded assembly
- Completed reload, in  1.007 seconds
Platform modules already initialized, skipping
Refreshing native plugins compatible for Editor in 0.36 ms, found 0 plugins.
Preloading 0 native plugins for Editor in 0.00 ms.
Unloading 1460 Unused Serialized files (Serialized files now loaded: 0)
System memory in use before: 73.9 MB.
System memory in use after: 73.9 MB.

Unloading 6 unused Assets to reduce memory usage. Loaded Objects now: 1995.
Total: 2.322400 ms (FindLiveObjects: 0.250400 ms CreateObjectMapping: 0.055200 ms MarkObjects: 1.908200 ms  DeleteObjects: 0.107100 ms)

AssetImportWorkerClient::OnTransportError - code=10054 error=Удаленный хост принудительно разорвал существующее подключение.
