Using pre-set license
Built from '2020.3/staging' branch; Version is '2020.3.6f1 (338bb68529b2) revision 3378102'; Using compiler version '192528614'; Build Type 'Release'
OS: 'Windows 10 Home Single Language; OS build 19042.1237; Version 2009; 64bit' Language: 'ru' Physical Memory: 8128 MB
BatchMode: 1, IsHumanControllingUs: 0, StartBugReporterOnCrash: 0, Is64bit: 1, IsPro: 0

 COMMAND LINE ARGUMENTS:
C:\Program Files\Unity\Hub\Editor\2020.3.6f1\Editor\Unity.exe
-adb2
-batchMode
-noUpm
-name
AssetImportWorker3
-projectPath
D:/Progs/Unity/Connect4_3D
-logFile
Logs/AssetImportWorker3.log
-srvPort
59407
Successfully changed project path to: D:/Progs/Unity/Connect4_3D
D:/Progs/Unity/Connect4_3D
Using Asset Import Pipeline V2.
Refreshing native plugins compatible for Editor in 34.27 ms, found 0 plugins.
Preloading 0 native plugins for Editor in 0.00 ms.
Initialize engine version: 2020.3.6f1 (338bb68529b2)
[Subsystems] Discovering subsystems at path C:/Program Files/Unity/Hub/Editor/2020.3.6f1/Editor/Data/Resources/UnitySubsystems
[Subsystems] Discovering subsystems at path D:/Progs/Unity/Connect4_3D/Assets
GfxDevice: creating device client; threaded=0
Direct3D:
    Version:  Direct3D 11.0 [level 11.1]
    Renderer: Radeon RX 580 Series (ID=0x67df)
    Vendor:   
    VRAM:     4075 MB
    Driver:   27.20.1034.6
Initialize mono
Mono path[0] = 'C:/Program Files/Unity/Hub/Editor/2020.3.6f1/Editor/Data/Managed'
Mono path[1] = 'C:/Program Files/Unity/Hub/Editor/2020.3.6f1/Editor/Data/MonoBleedingEdge/lib/mono/unityjit'
Mono config path = 'C:/Program Files/Unity/Hub/Editor/2020.3.6f1/Editor/Data/MonoBleedingEdge/etc'
Using monoOptions --debugger-agent=transport=dt_socket,embedding=1,server=y,suspend=n,address=127.0.0.1:56012
Begin MonoManager ReloadAssembly
Registering precompiled unity dll's ...
Register platform support module: C:/Program Files/Unity/Hub/Editor/2020.3.6f1/Editor/Data/PlaybackEngines/WebGLSupport/UnityEditor.WebGL.Extensions.dll
Register platform support module: C:/Program Files/Unity/Hub/Editor/2020.3.6f1/Editor/Data/PlaybackEngines/WindowsStandaloneSupport/UnityEditor.WindowsStandalone.Extensions.dll
Registered in 0.003565 seconds.
Native extension for WindowsStandalone target not found
Native extension for WebGL target not found
Refreshing native plugins compatible for Editor in 34.99 ms, found 0 plugins.
Preloading 0 native plugins for Editor in 0.00 ms.
Mono: successfully reloaded assembly
- Completed reload, in  1.847 seconds
Platform modules already initialized, skipping
Registering precompiled user dll's ...
Registered in 0.000757 seconds.
Begin MonoManager ReloadAssembly
Native extension for WindowsStandalone target not found
Native extension for WebGL target not found
Refreshing native plugins compatible for Editor in 0.32 ms, found 0 plugins.
Preloading 0 native plugins for Editor in 0.00 ms.
Mono: successfully reloaded assembly
- Completed reload, in  1.145 seconds
Platform modules already initialized, skipping
========================================================================
Worker process is ready to serve import requests
Launched and connected shader compiler UnityShaderCompiler.exe after 0.06 seconds
Refreshing native plugins compatible for Editor in 0.31 ms, found 0 plugins.
Preloading 0 native plugins for Editor in 0.00 ms.
Unloading 1485 Unused Serialized files (Serialized files now loaded: 0)
System memory in use before: 72.7 MB.
System memory in use after: 72.7 MB.

Unloading 11 unused Assets to reduce memory usage. Loaded Objects now: 1929.
Total: 2.236100 ms (FindLiveObjects: 0.263900 ms CreateObjectMapping: 0.059400 ms MarkObjects: 1.767800 ms  DeleteObjects: 0.143100 ms)

========================================================================
Received Import Request.
  path: Assets/Prefabs/TestPeak.prefab
  artifactKey: Guid(5ae53667aff5eed4a83a99606427b081) Importer(815301076,1909f56bfc062723c751e8b465ee728b)
Start importing Assets/Prefabs/TestPeak.prefab using Guid(5ae53667aff5eed4a83a99606427b081) Importer(815301076,1909f56bfc062723c751e8b465ee728b)  -> (artifact id: '0d10fb3b63ccabde3115c21abf1a926a') in 0.136420 seconds
  Import took 0.139555 seconds .

========================================================================
Received Import Request.
  Time since last request: 21.504507 seconds.
  path: Assets/Prefabs/TestPeak.prefab
  artifactKey: Guid(5ae53667aff5eed4a83a99606427b081) Importer(815301076,1909f56bfc062723c751e8b465ee728b)
Start importing Assets/Prefabs/TestPeak.prefab using Guid(5ae53667aff5eed4a83a99606427b081) Importer(815301076,1909f56bfc062723c751e8b465ee728b)  -> (artifact id: 'f2d57b42610d56dd9c39385d18606c6f') in 0.010906 seconds
  Import took 0.014225 seconds .

========================================================================
Received Import Request.
  Time since last request: 1.799594 seconds.
  path: Assets/Prefabs/TestPeak.prefab
  artifactKey: Guid(5ae53667aff5eed4a83a99606427b081) Importer(815301076,1909f56bfc062723c751e8b465ee728b)
Start importing Assets/Prefabs/TestPeak.prefab using Guid(5ae53667aff5eed4a83a99606427b081) Importer(815301076,1909f56bfc062723c751e8b465ee728b)  -> (artifact id: '5d12037dbd5d1de422b62fbb41cca34e') in 0.011834 seconds
  Import took 0.015288 seconds .

========================================================================
Received Import Request.
  Time since last request: 3.397642 seconds.
  path: Assets/Prefabs/TestPeak.prefab
  artifactKey: Guid(5ae53667aff5eed4a83a99606427b081) Importer(815301076,1909f56bfc062723c751e8b465ee728b)
Start importing Assets/Prefabs/TestPeak.prefab using Guid(5ae53667aff5eed4a83a99606427b081) Importer(815301076,1909f56bfc062723c751e8b465ee728b)  -> (artifact id: '957a27326916c8dbb153e97a9415c496') in 0.012161 seconds
  Import took 0.015285 seconds .

========================================================================
Received Import Request.
  Time since last request: 19.311958 seconds.
  path: Assets/Prefabs/TestPeak.prefab
  artifactKey: Guid(5ae53667aff5eed4a83a99606427b081) Importer(815301076,1909f56bfc062723c751e8b465ee728b)
Start importing Assets/Prefabs/TestPeak.prefab using Guid(5ae53667aff5eed4a83a99606427b081) Importer(815301076,1909f56bfc062723c751e8b465ee728b)  -> (artifact id: '5a2889be9548818e9f316c5e9745708a') in 0.010140 seconds
  Import took 0.024625 seconds .

========================================================================
Received Prepare
Registering precompiled user dll's ...
Registered in 0.000791 seconds.
Begin MonoManager ReloadAssembly
Native extension for WindowsStandalone target not found
Native extension for WebGL target not found
Refreshing native plugins compatible for Editor in 0.33 ms, found 0 plugins.
Preloading 0 native plugins for Editor in 0.00 ms.
Mono: successfully reloaded assembly
- Completed reload, in  1.089 seconds
Platform modules already initialized, skipping
Refreshing native plugins compatible for Editor in 0.33 ms, found 0 plugins.
Preloading 0 native plugins for Editor in 0.00 ms.
Unloading 1458 Unused Serialized files (Serialized files now loaded: 0)
System memory in use before: 73.6 MB.
System memory in use after: 73.7 MB.

Unloading 6 unused Assets to reduce memory usage. Loaded Objects now: 1942.
Total: 2.469600 ms (FindLiveObjects: 0.206400 ms CreateObjectMapping: 0.043800 ms MarkObjects: 2.113300 ms  DeleteObjects: 0.104500 ms)

========================================================================
Received Import Request.
  Time since last request: 143.788654 seconds.
  path: Assets/Prefabs/TestPeak.prefab
  artifactKey: Guid(5ae53667aff5eed4a83a99606427b081) Importer(815301076,1909f56bfc062723c751e8b465ee728b)
Start importing Assets/Prefabs/TestPeak.prefab using Guid(5ae53667aff5eed4a83a99606427b081) Importer(815301076,1909f56bfc062723c751e8b465ee728b)  -> (artifact id: 'c090d49c5b78642a538e3d3bb3ac0d79') in 0.078198 seconds
  Import took 0.081626 seconds .

========================================================================
Received Import Request.
  Time since last request: 2.183811 seconds.
  path: Assets/Prefabs/TestPeak.prefab
  artifactKey: Guid(5ae53667aff5eed4a83a99606427b081) Importer(815301076,1909f56bfc062723c751e8b465ee728b)
Start importing Assets/Prefabs/TestPeak.prefab using Guid(5ae53667aff5eed4a83a99606427b081) Importer(815301076,1909f56bfc062723c751e8b465ee728b)  -> (artifact id: '3559958a0f6a58fe2a3384a7bb0ca1f4') in 0.010477 seconds
  Import took 0.054891 seconds .

========================================================================
Received Prepare
Registering precompiled user dll's ...
Registered in 0.000763 seconds.
Begin MonoManager ReloadAssembly
Native extension for WindowsStandalone target not found
Native extension for WebGL target not found
Refreshing native plugins compatible for Editor in 0.38 ms, found 0 plugins.
Preloading 0 native plugins for Editor in 0.00 ms.
Mono: successfully reloaded assembly
- Completed reload, in  1.042 seconds
Platform modules already initialized, skipping
Refreshing native plugins compatible for Editor in 0.31 ms, found 0 plugins.
Preloading 0 native plugins for Editor in 0.00 ms.
Unloading 1458 Unused Serialized files (Serialized files now loaded: 0)
System memory in use before: 73.7 MB.
System memory in use after: 73.7 MB.

Unloading 6 unused Assets to reduce memory usage. Loaded Objects now: 1946.
Total: 2.192200 ms (FindLiveObjects: 0.241200 ms CreateObjectMapping: 0.045200 ms MarkObjects: 1.797500 ms  DeleteObjects: 0.107000 ms)

========================================================================
Received Import Request.
  Time since last request: 270.984838 seconds.
  path: Assets/Scripts/PeakModel3D.cs
  artifactKey: Guid(12988e881a74aba40840cd60cd35fb26) Importer(815301076,1909f56bfc062723c751e8b465ee728b)
Start importing Assets/Scripts/PeakModel3D.cs using Guid(12988e881a74aba40840cd60cd35fb26) Importer(815301076,1909f56bfc062723c751e8b465ee728b)  -> (artifact id: '4348f6860f9238eb98e44249e9231f4c') in 0.018824 seconds
  Import took 0.022580 seconds .

========================================================================
Received Prepare
Registering precompiled user dll's ...
Registered in 0.000676 seconds.
Begin MonoManager ReloadAssembly
Native extension for WindowsStandalone target not found
Native extension for WebGL target not found
Refreshing native plugins compatible for Editor in 0.34 ms, found 0 plugins.
Preloading 0 native plugins for Editor in 0.00 ms.
Mono: successfully reloaded assembly
- Completed reload, in  1.044 seconds
Platform modules already initialized, skipping
Refreshing native plugins compatible for Editor in 0.32 ms, found 0 plugins.
Preloading 0 native plugins for Editor in 0.00 ms.
Unloading 1459 Unused Serialized files (Serialized files now loaded: 0)
System memory in use before: 73.7 MB.
System memory in use after: 73.8 MB.

Unloading 6 unused Assets to reduce memory usage. Loaded Objects now: 1950.
Total: 2.267800 ms (FindLiveObjects: 0.248400 ms CreateObjectMapping: 0.045600 ms MarkObjects: 1.861900 ms  DeleteObjects: 0.110600 ms)

========================================================================
Received Prepare
Registering precompiled user dll's ...
Registered in 0.000776 seconds.
Begin MonoManager ReloadAssembly
Native extension for WindowsStandalone target not found
Native extension for WebGL target not found
Refreshing native plugins compatible for Editor in 0.49 ms, found 0 plugins.
Preloading 0 native plugins for Editor in 0.00 ms.
Mono: successfully reloaded assembly
- Completed reload, in  1.053 seconds
Platform modules already initialized, skipping
Refreshing native plugins compatible for Editor in 0.32 ms, found 0 plugins.
Preloading 0 native plugins for Editor in 0.00 ms.
Unloading 1459 Unused Serialized files (Serialized files now loaded: 0)
System memory in use before: 73.8 MB.
System memory in use after: 73.8 MB.

Unloading 6 unused Assets to reduce memory usage. Loaded Objects now: 1953.
Total: 2.334200 ms (FindLiveObjects: 0.308700 ms CreateObjectMapping: 0.062600 ms MarkObjects: 1.851600 ms  DeleteObjects: 0.109500 ms)

========================================================================
Received Import Request.
  Time since last request: 57.952252 seconds.
  path: Assets/Scripts/PeakModel3D.cs
  artifactKey: Guid(12988e881a74aba40840cd60cd35fb26) Importer(815301076,1909f56bfc062723c751e8b465ee728b)
Start importing Assets/Scripts/PeakModel3D.cs using Guid(12988e881a74aba40840cd60cd35fb26) Importer(815301076,1909f56bfc062723c751e8b465ee728b)  -> (artifact id: '48bdfc38b680561eac7c6dbab40fed15') in 0.004648 seconds
  Import took 0.007464 seconds .

========================================================================
Received Import Request.
  Time since last request: 57.534162 seconds.
  path: Assets/Prefabs/TestPeak.prefab
  artifactKey: Guid(5ae53667aff5eed4a83a99606427b081) Importer(815301076,1909f56bfc062723c751e8b465ee728b)
Start importing Assets/Prefabs/TestPeak.prefab using Guid(5ae53667aff5eed4a83a99606427b081) Importer(815301076,1909f56bfc062723c751e8b465ee728b)  -> (artifact id: 'f5ce83e78246dec61ee606400832be81') in 0.080269 seconds
  Import took 0.099514 seconds .

========================================================================
Received Prepare
Registering precompiled user dll's ...
Registered in 0.000726 seconds.
Begin MonoManager ReloadAssembly
Native extension for WindowsStandalone target not found
Native extension for WebGL target not found
Refreshing native plugins compatible for Editor in 0.36 ms, found 0 plugins.
Preloading 0 native plugins for Editor in 0.00 ms.
Mono: successfully reloaded assembly
- Completed reload, in  1.041 seconds
Platform modules already initialized, skipping
Refreshing native plugins compatible for Editor in 0.36 ms, found 0 plugins.
Preloading 0 native plugins for Editor in 0.00 ms.
Unloading 1459 Unused Serialized files (Serialized files now loaded: 0)
System memory in use before: 73.8 MB.
System memory in use after: 73.8 MB.

Unloading 6 unused Assets to reduce memory usage. Loaded Objects now: 1957.
Total: 2.174200 ms (FindLiveObjects: 0.201600 ms CreateObjectMapping: 0.051800 ms MarkObjects: 1.812400 ms  DeleteObjects: 0.107300 ms)

========================================================================
Received Import Request.
  Time since last request: 341.879459 seconds.
  path: Assets/Scripts/Peak
  artifactKey: Guid(dbc5650839cd7e940934d084ee4e474d) Importer(815301076,1909f56bfc062723c751e8b465ee728b)
Start importing Assets/Scripts/Peak using Guid(dbc5650839cd7e940934d084ee4e474d) Importer(815301076,1909f56bfc062723c751e8b465ee728b)  -> (artifact id: '25e19acc413d3038835e7b3e751f19cc') in 0.005846 seconds
  Import took 0.060184 seconds .

========================================================================
Received Prepare
Registering precompiled user dll's ...
Registered in 0.000713 seconds.
Begin MonoManager ReloadAssembly
Native extension for WindowsStandalone target not found
Native extension for WebGL target not found
Refreshing native plugins compatible for Editor in 0.31 ms, found 0 plugins.
Preloading 0 native plugins for Editor in 0.00 ms.
Mono: successfully reloaded assembly
- Completed reload, in  1.065 seconds
Platform modules already initialized, skipping
Refreshing native plugins compatible for Editor in 0.33 ms, found 0 plugins.
Preloading 0 native plugins for Editor in 0.00 ms.
Unloading 1459 Unused Serialized files (Serialized files now loaded: 0)
System memory in use before: 73.8 MB.
System memory in use after: 73.8 MB.

Unloading 6 unused Assets to reduce memory usage. Loaded Objects now: 1960.
Total: 2.458400 ms (FindLiveObjects: 0.303300 ms CreateObjectMapping: 0.048100 ms MarkObjects: 1.987200 ms  DeleteObjects: 0.118300 ms)

========================================================================
Received Prepare
Registering precompiled user dll's ...
Registered in 0.000749 seconds.
Begin MonoManager ReloadAssembly
Native extension for WindowsStandalone target not found
Native extension for WebGL target not found
Refreshing native plugins compatible for Editor in 0.31 ms, found 0 plugins.
Preloading 0 native plugins for Editor in 0.00 ms.
Mono: successfully reloaded assembly
- Completed reload, in  1.038 seconds
Platform modules already initialized, skipping
Refreshing native plugins compatible for Editor in 0.32 ms, found 0 plugins.
Preloading 0 native plugins for Editor in 0.00 ms.
Unloading 1459 Unused Serialized files (Serialized files now loaded: 0)
System memory in use before: 73.8 MB.
System memory in use after: 73.8 MB.

Unloading 6 unused Assets to reduce memory usage. Loaded Objects now: 1963.
Total: 2.603100 ms (FindLiveObjects: 0.349500 ms CreateObjectMapping: 0.063400 ms MarkObjects: 2.067200 ms  DeleteObjects: 0.121300 ms)

========================================================================
Received Prepare
Registering precompiled user dll's ...
Registered in 0.000665 seconds.
Begin MonoManager ReloadAssembly
Native extension for WindowsStandalone target not found
Native extension for WebGL target not found
Refreshing native plugins compatible for Editor in 0.31 ms, found 0 plugins.
Preloading 0 native plugins for Editor in 0.00 ms.
Mono: successfully reloaded assembly
- Completed reload, in  1.063 seconds
Platform modules already initialized, skipping
Refreshing native plugins compatible for Editor in 0.31 ms, found 0 plugins.
Preloading 0 native plugins for Editor in 0.00 ms.
Unloading 1459 Unused Serialized files (Serialized files now loaded: 0)
System memory in use before: 73.8 MB.
System memory in use after: 73.8 MB.

Unloading 6 unused Assets to reduce memory usage. Loaded Objects now: 1966.
Total: 2.181600 ms (FindLiveObjects: 0.230700 ms CreateObjectMapping: 0.051000 ms MarkObjects: 1.789800 ms  DeleteObjects: 0.109000 ms)

========================================================================
Received Import Request.
  Time since last request: 29.299863 seconds.
  path: Assets/Scripts/Peak/Notation.cs
  artifactKey: Guid(5ce691a079cd8374babfbe9aaecde96c) Importer(815301076,1909f56bfc062723c751e8b465ee728b)
Start importing Assets/Scripts/Peak/Notation.cs using Guid(5ce691a079cd8374babfbe9aaecde96c) Importer(815301076,1909f56bfc062723c751e8b465ee728b)  -> (artifact id: '72b72d839c8554e700491f20b1dfd0d1') in 0.010984 seconds
  Import took 0.014231 seconds .

========================================================================
Received Prepare
Registering precompiled user dll's ...
Registered in 0.000707 seconds.
Begin MonoManager ReloadAssembly
Native extension for WindowsStandalone target not found
Native extension for WebGL target not found
Refreshing native plugins compatible for Editor in 0.33 ms, found 0 plugins.
Preloading 0 native plugins for Editor in 0.00 ms.
Mono: successfully reloaded assembly
- Completed reload, in  1.084 seconds
Platform modules already initialized, skipping
Refreshing native plugins compatible for Editor in 0.31 ms, found 0 plugins.
Preloading 0 native plugins for Editor in 0.00 ms.
Unloading 1460 Unused Serialized files (Serialized files now loaded: 0)
System memory in use before: 73.8 MB.
System memory in use after: 73.8 MB.

Unloading 6 unused Assets to reduce memory usage. Loaded Objects now: 1970.
Total: 2.338100 ms (FindLiveObjects: 0.237000 ms CreateObjectMapping: 0.050200 ms MarkObjects: 1.938400 ms  DeleteObjects: 0.111300 ms)

========================================================================
Received Prepare
Registering precompiled user dll's ...
Registered in 0.000815 seconds.
Begin MonoManager ReloadAssembly
Native extension for WindowsStandalone target not found
Native extension for WebGL target not found
Refreshing native plugins compatible for Editor in 0.34 ms, found 0 plugins.
Preloading 0 native plugins for Editor in 0.00 ms.
Mono: successfully reloaded assembly
- Completed reload, in  1.026 seconds
Platform modules already initialized, skipping
Refreshing native plugins compatible for Editor in 0.31 ms, found 0 plugins.
Preloading 0 native plugins for Editor in 0.00 ms.
Unloading 1460 Unused Serialized files (Serialized files now loaded: 0)
System memory in use before: 73.8 MB.
System memory in use after: 73.8 MB.

Unloading 6 unused Assets to reduce memory usage. Loaded Objects now: 1973.
Total: 2.211100 ms (FindLiveObjects: 0.237100 ms CreateObjectMapping: 0.057800 ms MarkObjects: 1.801200 ms  DeleteObjects: 0.113800 ms)

========================================================================
Received Prepare
Registering precompiled user dll's ...
Registered in 0.001127 seconds.
Begin MonoManager ReloadAssembly
Native extension for WindowsStandalone target not found
Native extension for WebGL target not found
Refreshing native plugins compatible for Editor in 0.36 ms, found 0 plugins.
Preloading 0 native plugins for Editor in 0.00 ms.
Mono: successfully reloaded assembly
- Completed reload, in  1.026 seconds
Platform modules already initialized, skipping
Refreshing native plugins compatible for Editor in 0.34 ms, found 0 plugins.
Preloading 0 native plugins for Editor in 0.00 ms.
Unloading 1460 Unused Serialized files (Serialized files now loaded: 0)
System memory in use before: 73.8 MB.
System memory in use after: 73.9 MB.

Unloading 6 unused Assets to reduce memory usage. Loaded Objects now: 1976.
Total: 2.284600 ms (FindLiveObjects: 0.267900 ms CreateObjectMapping: 0.062100 ms MarkObjects: 1.847300 ms  DeleteObjects: 0.106000 ms)

========================================================================
Received Prepare
Registering precompiled user dll's ...
Registered in 0.000706 seconds.
Begin MonoManager ReloadAssembly
Native extension for WindowsStandalone target not found
Native extension for WebGL target not found
Refreshing native plugins compatible for Editor in 0.32 ms, found 0 plugins.
Preloading 0 native plugins for Editor in 0.00 ms.
Mono: successfully reloaded assembly
- Completed reload, in  1.026 seconds
Platform modules already initialized, skipping
Refreshing native plugins compatible for Editor in 0.33 ms, found 0 plugins.
Preloading 0 native plugins for Editor in 0.00 ms.
Unloading 1460 Unused Serialized files (Serialized files now loaded: 0)
System memory in use before: 73.8 MB.
System memory in use after: 73.9 MB.

Unloading 6 unused Assets to reduce memory usage. Loaded Objects now: 1979.
Total: 2.270100 ms (FindLiveObjects: 0.247600 ms CreateObjectMapping: 0.051800 ms MarkObjects: 1.858800 ms  DeleteObjects: 0.109900 ms)

========================================================================
Received Prepare
Registering precompiled user dll's ...
Registered in 0.001023 seconds.
Begin MonoManager ReloadAssembly
Native extension for WindowsStandalone target not found
Native extension for WebGL target not found
Refreshing native plugins compatible for Editor in 0.32 ms, found 0 plugins.
Preloading 0 native plugins for Editor in 0.00 ms.
Mono: successfully reloaded assembly
- Completed reload, in  1.051 seconds
Platform modules already initialized, skipping
Refreshing native plugins compatible for Editor in 0.31 ms, found 0 plugins.
Preloading 0 native plugins for Editor in 0.00 ms.
Unloading 1460 Unused Serialized files (Serialized files now loaded: 0)
System memory in use before: 73.8 MB.
System memory in use after: 73.9 MB.

Unloading 6 unused Assets to reduce memory usage. Loaded Objects now: 1982.
Total: 2.788600 ms (FindLiveObjects: 0.477800 ms CreateObjectMapping: 0.066600 ms MarkObjects: 2.066900 ms  DeleteObjects: 0.175400 ms)

========================================================================
Received Prepare
Registering precompiled user dll's ...
Registered in 0.000763 seconds.
Begin MonoManager ReloadAssembly
Native extension for WindowsStandalone target not found
Native extension for WebGL target not found
Refreshing native plugins compatible for Editor in 0.32 ms, found 0 plugins.
Preloading 0 native plugins for Editor in 0.00 ms.
Mono: successfully reloaded assembly
- Completed reload, in  1.058 seconds
Platform modules already initialized, skipping
Refreshing native plugins compatible for Editor in 0.32 ms, found 0 plugins.
Preloading 0 native plugins for Editor in 0.00 ms.
Unloading 1460 Unused Serialized files (Serialized files now loaded: 0)
System memory in use before: 73.8 MB.
System memory in use after: 73.9 MB.

Unloading 6 unused Assets to reduce memory usage. Loaded Objects now: 1985.
Total: 2.288700 ms (FindLiveObjects: 0.254000 ms CreateObjectMapping: 0.044000 ms MarkObjects: 1.875800 ms  DeleteObjects: 0.114000 ms)

========================================================================
Received Prepare
Registering precompiled user dll's ...
Registered in 0.000738 seconds.
Begin MonoManager ReloadAssembly
Native extension for WindowsStandalone target not found
Native extension for WebGL target not found
Refreshing native plugins compatible for Editor in 0.31 ms, found 0 plugins.
Preloading 0 native plugins for Editor in 0.00 ms.
Mono: successfully reloaded assembly
- Completed reload, in  1.050 seconds
Platform modules already initialized, skipping
Refreshing native plugins compatible for Editor in 0.40 ms, found 0 plugins.
Preloading 0 native plugins for Editor in 0.00 ms.
Unloading 1460 Unused Serialized files (Serialized files now loaded: 0)
System memory in use before: 73.9 MB.
System memory in use after: 73.9 MB.

Unloading 6 unused Assets to reduce memory usage. Loaded Objects now: 1988.
Total: 2.537900 ms (FindLiveObjects: 0.225700 ms CreateObjectMapping: 0.045300 ms MarkObjects: 2.134300 ms  DeleteObjects: 0.131100 ms)

========================================================================
Received Prepare
Registering precompiled user dll's ...
Registered in 0.001239 seconds.
Begin MonoManager ReloadAssembly
Native extension for WindowsStandalone target not found
Native extension for WebGL target not found
Refreshing native plugins compatible for Editor in 0.47 ms, found 0 plugins.
Preloading 0 native plugins for Editor in 0.00 ms.
Mono: successfully reloaded assembly
- Completed reload, in  1.080 seconds
Platform modules already initialized, skipping
Refreshing native plugins compatible for Editor in 0.31 ms, found 0 plugins.
Preloading 0 native plugins for Editor in 0.00 ms.
Unloading 1460 Unused Serialized files (Serialized files now loaded: 0)
System memory in use before: 73.8 MB.
System memory in use after: 73.9 MB.

Unloading 6 unused Assets to reduce memory usage. Loaded Objects now: 1991.
Total: 2.266500 ms (FindLiveObjects: 0.271100 ms CreateObjectMapping: 0.045900 ms MarkObjects: 1.839700 ms  DeleteObjects: 0.108200 ms)

========================================================================
Received Prepare
Registering precompiled user dll's ...
Registered in 0.000800 seconds.
Begin MonoManager ReloadAssembly
Native extension for WindowsStandalone target not found
Native extension for WebGL target not found
Refreshing native plugins compatible for Editor in 0.31 ms, found 0 plugins.
Preloading 0 native plugins for Editor in 0.00 ms.
Mono: successfully reloaded assembly
- Completed reload, in  1.049 seconds
Platform modules already initialized, skipping
Refreshing native plugins compatible for Editor in 0.31 ms, found 0 plugins.
Preloading 0 native plugins for Editor in 0.00 ms.
Unloading 1460 Unused Serialized files (Serialized files now loaded: 0)
System memory in use before: 73.8 MB.
System memory in use after: 73.9 MB.

Unloading 6 unused Assets to reduce memory usage. Loaded Objects now: 1994.
Total: 2.426700 ms (FindLiveObjects: 0.291900 ms CreateObjectMapping: 0.043800 ms MarkObjects: 1.978600 ms  DeleteObjects: 0.110700 ms)

========================================================================
Received Prepare
Registering precompiled user dll's ...
Registered in 0.000779 seconds.
Begin MonoManager ReloadAssembly
Native extension for WindowsStandalone target not found
Native extension for WebGL target not found
Refreshing native plugins compatible for Editor in 0.45 ms, found 0 plugins.
Preloading 0 native plugins for Editor in 0.00 ms.
Mono: successfully reloaded assembly
- Completed reload, in  1.089 seconds
Platform modules already initialized, skipping
Refreshing native plugins compatible for Editor in 0.40 ms, found 0 plugins.
Preloading 0 native plugins for Editor in 0.00 ms.
Unloading 1460 Unused Serialized files (Serialized files now loaded: 0)
System memory in use before: 73.9 MB.
System memory in use after: 73.9 MB.

Unloading 6 unused Assets to reduce memory usage. Loaded Objects now: 1997.
Total: 2.424100 ms (FindLiveObjects: 0.254200 ms CreateObjectMapping: 0.047700 ms MarkObjects: 2.007900 ms  DeleteObjects: 0.112500 ms)

========================================================================
Received Prepare
Registering precompiled user dll's ...
Registered in 0.000859 seconds.
Begin MonoManager ReloadAssembly
Native extension for WindowsStandalone target not found
Native extension for WebGL target not found
Refreshing native plugins compatible for Editor in 0.32 ms, found 0 plugins.
Preloading 0 native plugins for Editor in 0.00 ms.
Mono: successfully reloaded assembly
- Completed reload, in  1.068 seconds
Platform modules already initialized, skipping
Refreshing native plugins compatible for Editor in 0.32 ms, found 0 plugins.
Preloading 0 native plugins for Editor in 0.00 ms.
Unloading 1460 Unused Serialized files (Serialized files now loaded: 0)
System memory in use before: 73.9 MB.
System memory in use after: 73.9 MB.

Unloading 6 unused Assets to reduce memory usage. Loaded Objects now: 2000.
Total: 2.515200 ms (FindLiveObjects: 0.439700 ms CreateObjectMapping: 0.059700 ms MarkObjects: 1.891800 ms  DeleteObjects: 0.121600 ms)

========================================================================
Received Prepare
Registering precompiled user dll's ...
Registered in 0.000753 seconds.
Begin MonoManager ReloadAssembly
Native extension for WindowsStandalone target not found
Native extension for WebGL target not found
Refreshing native plugins compatible for Editor in 0.33 ms, found 0 plugins.
Preloading 0 native plugins for Editor in 0.00 ms.
Mono: successfully reloaded assembly
- Completed reload, in  1.004 seconds
Platform modules already initialized, skipping
Refreshing native plugins compatible for Editor in 0.32 ms, found 0 plugins.
Preloading 0 native plugins for Editor in 0.00 ms.
Unloading 1460 Unused Serialized files (Serialized files now loaded: 0)
System memory in use before: 73.9 MB.
System memory in use after: 73.9 MB.

Unloading 6 unused Assets to reduce memory usage. Loaded Objects now: 2003.
Total: 2.434100 ms (FindLiveObjects: 0.446600 ms CreateObjectMapping: 0.060300 ms MarkObjects: 1.813200 ms  DeleteObjects: 0.112800 ms)

========================================================================
Received Prepare
Registering precompiled user dll's ...
Registered in 0.000796 seconds.
Begin MonoManager ReloadAssembly
Native extension for WindowsStandalone target not found
Native extension for WebGL target not found
Refreshing native plugins compatible for Editor in 0.39 ms, found 0 plugins.
Preloading 0 native plugins for Editor in 0.00 ms.
Mono: successfully reloaded assembly
- Completed reload, in  1.039 seconds
Platform modules already initialized, skipping
Refreshing native plugins compatible for Editor in 0.31 ms, found 0 plugins.
Preloading 0 native plugins for Editor in 0.00 ms.
Unloading 1460 Unused Serialized files (Serialized files now loaded: 0)
System memory in use before: 73.9 MB.
System memory in use after: 73.9 MB.

Unloading 6 unused Assets to reduce memory usage. Loaded Objects now: 2006.
Total: 2.572400 ms (FindLiveObjects: 0.240400 ms CreateObjectMapping: 0.044400 ms MarkObjects: 2.168400 ms  DeleteObjects: 0.117500 ms)

========================================================================
Received Prepare
Registering precompiled user dll's ...
Registered in 0.000850 seconds.
Begin MonoManager ReloadAssembly
Native extension for WindowsStandalone target not found
Native extension for WebGL target not found
Refreshing native plugins compatible for Editor in 0.31 ms, found 0 plugins.
Preloading 0 native plugins for Editor in 0.00 ms.
Mono: successfully reloaded assembly
- Completed reload, in  1.080 seconds
Platform modules already initialized, skipping
Refreshing native plugins compatible for Editor in 0.34 ms, found 0 plugins.
Preloading 0 native plugins for Editor in 0.00 ms.
Unloading 1460 Unused Serialized files (Serialized files now loaded: 0)
System memory in use before: 73.9 MB.
System memory in use after: 73.9 MB.

Unloading 6 unused Assets to reduce memory usage. Loaded Objects now: 2009.
Total: 2.349500 ms (FindLiveObjects: 0.273100 ms CreateObjectMapping: 0.049400 ms MarkObjects: 1.913300 ms  DeleteObjects: 0.112200 ms)

========================================================================
Received Prepare
Registering precompiled user dll's ...
Registered in 0.000793 seconds.
Begin MonoManager ReloadAssembly
Native extension for WindowsStandalone target not found
Native extension for WebGL target not found
Refreshing native plugins compatible for Editor in 0.32 ms, found 0 plugins.
Preloading 0 native plugins for Editor in 0.00 ms.
Mono: successfully reloaded assembly
- Completed reload, in  1.079 seconds
Platform modules already initialized, skipping
Refreshing native plugins compatible for Editor in 0.34 ms, found 0 plugins.
Preloading 0 native plugins for Editor in 0.00 ms.
Unloading 1460 Unused Serialized files (Serialized files now loaded: 0)
System memory in use before: 73.9 MB.
System memory in use after: 73.9 MB.

Unloading 6 unused Assets to reduce memory usage. Loaded Objects now: 2012.
Total: 2.362100 ms (FindLiveObjects: 0.281900 ms CreateObjectMapping: 0.043300 ms MarkObjects: 1.918900 ms  DeleteObjects: 0.116600 ms)

AssetImportWorkerClient::OnTransportError - code=10054 error=Удаленный хост принудительно разорвал существующее подключение.
