Using pre-set license
Built from '2020.3/staging' branch; Version is '2020.3.6f1 (338bb68529b2) revision 3378102'; Using compiler version '192528614'; Build Type 'Release'
OS: 'Windows 10 Home Single Language; OS build 19042.1237; Version 2009; 64bit' Language: 'ru' Physical Memory: 8128 MB
BatchMode: 1, IsHumanControllingUs: 0, StartBugReporterOnCrash: 0, Is64bit: 1, IsPro: 0

 COMMAND LINE ARGUMENTS:
C:\Program Files\Unity\Hub\Editor\2020.3.6f1\Editor\Unity.exe
-adb2
-batchMode
-noUpm
-name
AssetImportWorker2
-projectPath
D:/Progs/Unity/Connect4_3D
-logFile
Logs/AssetImportWorker2.log
-srvPort
59407
Successfully changed project path to: D:/Progs/Unity/Connect4_3D
D:/Progs/Unity/Connect4_3D
Using Asset Import Pipeline V2.
Refreshing native plugins compatible for Editor in 35.51 ms, found 0 plugins.
Preloading 0 native plugins for Editor in 0.00 ms.
Initialize engine version: 2020.3.6f1 (338bb68529b2)
[Subsystems] Discovering subsystems at path C:/Program Files/Unity/Hub/Editor/2020.3.6f1/Editor/Data/Resources/UnitySubsystems
[Subsystems] Discovering subsystems at path D:/Progs/Unity/Connect4_3D/Assets
GfxDevice: creating device client; threaded=0
Direct3D:
    Version:  Direct3D 11.0 [level 11.1]
    Renderer: Radeon RX 580 Series (ID=0x67df)
    Vendor:   
    VRAM:     4075 MB
    Driver:   27.20.1034.6
Initialize mono
Mono path[0] = 'C:/Program Files/Unity/Hub/Editor/2020.3.6f1/Editor/Data/Managed'
Mono path[1] = 'C:/Program Files/Unity/Hub/Editor/2020.3.6f1/Editor/Data/MonoBleedingEdge/lib/mono/unityjit'
Mono config path = 'C:/Program Files/Unity/Hub/Editor/2020.3.6f1/Editor/Data/MonoBleedingEdge/etc'
Using monoOptions --debugger-agent=transport=dt_socket,embedding=1,server=y,suspend=n,address=127.0.0.1:56376
Begin MonoManager ReloadAssembly
Registering precompiled unity dll's ...
Register platform support module: C:/Program Files/Unity/Hub/Editor/2020.3.6f1/Editor/Data/PlaybackEngines/WebGLSupport/UnityEditor.WebGL.Extensions.dll
Register platform support module: C:/Program Files/Unity/Hub/Editor/2020.3.6f1/Editor/Data/PlaybackEngines/WindowsStandaloneSupport/UnityEditor.WindowsStandalone.Extensions.dll
Registered in 0.003521 seconds.
Native extension for WindowsStandalone target not found
Native extension for WebGL target not found
Refreshing native plugins compatible for Editor in 40.68 ms, found 0 plugins.
Preloading 0 native plugins for Editor in 0.00 ms.
Mono: successfully reloaded assembly
- Completed reload, in  2.634 seconds
Platform modules already initialized, skipping
Registering precompiled user dll's ...
Registered in 0.000637 seconds.
Begin MonoManager ReloadAssembly
Native extension for WindowsStandalone target not found
Native extension for WebGL target not found
Refreshing native plugins compatible for Editor in 0.53 ms, found 0 plugins.
Preloading 0 native plugins for Editor in 0.00 ms.
Mono: successfully reloaded assembly
- Completed reload, in  1.167 seconds
Platform modules already initialized, skipping
========================================================================
Worker process is ready to serve import requests
Launched and connected shader compiler UnityShaderCompiler.exe after 0.07 seconds
Refreshing native plugins compatible for Editor in 0.30 ms, found 0 plugins.
Preloading 0 native plugins for Editor in 0.00 ms.
Unloading 1485 Unused Serialized files (Serialized files now loaded: 0)
System memory in use before: 72.6 MB.
System memory in use after: 72.6 MB.

Unloading 11 unused Assets to reduce memory usage. Loaded Objects now: 1929.
Total: 2.245100 ms (FindLiveObjects: 0.250300 ms CreateObjectMapping: 0.059900 ms MarkObjects: 1.793600 ms  DeleteObjects: 0.139900 ms)

========================================================================
Received Import Request.
  path: Assets/Scripts/GameLogic
  artifactKey: Guid(f5cbc7b2dac8c754e9ae0f68375d666a) Importer(815301076,1909f56bfc062723c751e8b465ee728b)
Start importing Assets/Scripts/GameLogic using Guid(f5cbc7b2dac8c754e9ae0f68375d666a) Importer(815301076,1909f56bfc062723c751e8b465ee728b)  -> (artifact id: '136ec6662a78b4bfb8e4c39338c01c18') in 0.012105 seconds
  Import took 0.027817 seconds .

========================================================================
Received Prepare
Registering precompiled user dll's ...
Registered in 0.001006 seconds.
Begin MonoManager ReloadAssembly
Native extension for WindowsStandalone target not found
Native extension for WebGL target not found
Refreshing native plugins compatible for Editor in 0.68 ms, found 0 plugins.
Preloading 0 native plugins for Editor in 0.00 ms.
Mono: successfully reloaded assembly
- Completed reload, in  1.125 seconds
Platform modules already initialized, skipping
Refreshing native plugins compatible for Editor in 0.32 ms, found 0 plugins.
Preloading 0 native plugins for Editor in 0.00 ms.
Unloading 1458 Unused Serialized files (Serialized files now loaded: 0)
System memory in use before: 70.4 MB.
System memory in use after: 70.4 MB.

Unloading 6 unused Assets to reduce memory usage. Loaded Objects now: 1932.
Total: 2.643100 ms (FindLiveObjects: 0.253000 ms CreateObjectMapping: 0.048700 ms MarkObjects: 2.227200 ms  DeleteObjects: 0.112600 ms)

========================================================================
Received Prepare
Registering precompiled user dll's ...
Registered in 0.000724 seconds.
Begin MonoManager ReloadAssembly
Native extension for WindowsStandalone target not found
Native extension for WebGL target not found
Refreshing native plugins compatible for Editor in 0.50 ms, found 0 plugins.
Preloading 0 native plugins for Editor in 0.00 ms.
Mono: successfully reloaded assembly
- Completed reload, in  1.060 seconds
Platform modules already initialized, skipping
Refreshing native plugins compatible for Editor in 0.31 ms, found 0 plugins.
Preloading 0 native plugins for Editor in 0.00 ms.
Unloading 1458 Unused Serialized files (Serialized files now loaded: 0)
System memory in use before: 70.4 MB.
System memory in use after: 70.4 MB.

Unloading 6 unused Assets to reduce memory usage. Loaded Objects now: 1935.
Total: 2.196400 ms (FindLiveObjects: 0.269200 ms CreateObjectMapping: 0.044100 ms MarkObjects: 1.772000 ms  DeleteObjects: 0.109200 ms)

========================================================================
Received Prepare
Registering precompiled user dll's ...
Registered in 0.000726 seconds.
Begin MonoManager ReloadAssembly
Native extension for WindowsStandalone target not found
Native extension for WebGL target not found
Refreshing native plugins compatible for Editor in 0.32 ms, found 0 plugins.
Preloading 0 native plugins for Editor in 0.00 ms.
Mono: successfully reloaded assembly
- Completed reload, in  1.048 seconds
Platform modules already initialized, skipping
Refreshing native plugins compatible for Editor in 0.34 ms, found 0 plugins.
Preloading 0 native plugins for Editor in 0.00 ms.
Unloading 1458 Unused Serialized files (Serialized files now loaded: 0)
System memory in use before: 70.4 MB.
System memory in use after: 70.4 MB.

Unloading 6 unused Assets to reduce memory usage. Loaded Objects now: 1938.
Total: 2.222300 ms (FindLiveObjects: 0.225000 ms CreateObjectMapping: 0.043900 ms MarkObjects: 1.827000 ms  DeleteObjects: 0.125200 ms)

========================================================================
Received Prepare
Registering precompiled user dll's ...
Registered in 0.000953 seconds.
Begin MonoManager ReloadAssembly
Native extension for WindowsStandalone target not found
Native extension for WebGL target not found
Refreshing native plugins compatible for Editor in 0.34 ms, found 0 plugins.
Preloading 0 native plugins for Editor in 0.00 ms.
Mono: successfully reloaded assembly
- Completed reload, in  1.102 seconds
Platform modules already initialized, skipping
Refreshing native plugins compatible for Editor in 0.33 ms, found 0 plugins.
Preloading 0 native plugins for Editor in 0.00 ms.
Unloading 1458 Unused Serialized files (Serialized files now loaded: 0)
System memory in use before: 70.4 MB.
System memory in use after: 70.5 MB.

Unloading 6 unused Assets to reduce memory usage. Loaded Objects now: 1941.
Total: 2.298000 ms (FindLiveObjects: 0.310600 ms CreateObjectMapping: 0.062200 ms MarkObjects: 1.816100 ms  DeleteObjects: 0.107800 ms)

========================================================================
Received Prepare
Registering precompiled user dll's ...
Registered in 0.001005 seconds.
Begin MonoManager ReloadAssembly
Native extension for WindowsStandalone target not found
Native extension for WebGL target not found
Refreshing native plugins compatible for Editor in 0.31 ms, found 0 plugins.
Preloading 0 native plugins for Editor in 0.00 ms.
Mono: successfully reloaded assembly
- Completed reload, in  1.079 seconds
Platform modules already initialized, skipping
Refreshing native plugins compatible for Editor in 0.31 ms, found 0 plugins.
Preloading 0 native plugins for Editor in 0.00 ms.
Unloading 1458 Unused Serialized files (Serialized files now loaded: 0)
System memory in use before: 70.4 MB.
System memory in use after: 70.5 MB.

Unloading 6 unused Assets to reduce memory usage. Loaded Objects now: 1944.
Total: 2.398000 ms (FindLiveObjects: 0.315700 ms CreateObjectMapping: 0.043200 ms MarkObjects: 1.929800 ms  DeleteObjects: 0.107400 ms)

========================================================================
Received Prepare
Registering precompiled user dll's ...
Registered in 0.000751 seconds.
Begin MonoManager ReloadAssembly
Native extension for WindowsStandalone target not found
Native extension for WebGL target not found
Refreshing native plugins compatible for Editor in 0.45 ms, found 0 plugins.
Preloading 0 native plugins for Editor in 0.00 ms.
Mono: successfully reloaded assembly
- Completed reload, in  1.074 seconds
Platform modules already initialized, skipping
Refreshing native plugins compatible for Editor in 0.34 ms, found 0 plugins.
Preloading 0 native plugins for Editor in 0.00 ms.
Unloading 1458 Unused Serialized files (Serialized files now loaded: 0)
System memory in use before: 70.4 MB.
System memory in use after: 70.5 MB.

Unloading 6 unused Assets to reduce memory usage. Loaded Objects now: 1947.
Total: 3.270000 ms (FindLiveObjects: 0.443500 ms CreateObjectMapping: 0.056000 ms MarkObjects: 2.636200 ms  DeleteObjects: 0.131600 ms)

========================================================================
Received Prepare
Registering precompiled user dll's ...
Registered in 0.000747 seconds.
Begin MonoManager ReloadAssembly
Native extension for WindowsStandalone target not found
Native extension for WebGL target not found
Refreshing native plugins compatible for Editor in 0.32 ms, found 0 plugins.
Preloading 0 native plugins for Editor in 0.00 ms.
Mono: successfully reloaded assembly
- Completed reload, in  1.095 seconds
Platform modules already initialized, skipping
Refreshing native plugins compatible for Editor in 0.32 ms, found 0 plugins.
Preloading 0 native plugins for Editor in 0.00 ms.
Unloading 1458 Unused Serialized files (Serialized files now loaded: 0)
System memory in use before: 70.5 MB.
System memory in use after: 70.5 MB.

Unloading 6 unused Assets to reduce memory usage. Loaded Objects now: 1950.
Total: 2.553300 ms (FindLiveObjects: 0.263100 ms CreateObjectMapping: 0.045800 ms MarkObjects: 2.115500 ms  DeleteObjects: 0.127300 ms)

========================================================================
Received Prepare
Registering precompiled user dll's ...
Registered in 0.001186 seconds.
Begin MonoManager ReloadAssembly
Native extension for WindowsStandalone target not found
Native extension for WebGL target not found
Refreshing native plugins compatible for Editor in 0.32 ms, found 0 plugins.
Preloading 0 native plugins for Editor in 0.00 ms.
Mono: successfully reloaded assembly
- Completed reload, in  1.222 seconds
Platform modules already initialized, skipping
Refreshing native plugins compatible for Editor in 0.31 ms, found 0 plugins.
Preloading 0 native plugins for Editor in 0.00 ms.
Unloading 1458 Unused Serialized files (Serialized files now loaded: 0)
System memory in use before: 70.5 MB.
System memory in use after: 70.5 MB.

Unloading 6 unused Assets to reduce memory usage. Loaded Objects now: 1953.
Total: 2.386300 ms (FindLiveObjects: 0.292300 ms CreateObjectMapping: 0.049200 ms MarkObjects: 1.934100 ms  DeleteObjects: 0.109100 ms)

========================================================================
Received Prepare
Registering precompiled user dll's ...
Registered in 0.000801 seconds.
Begin MonoManager ReloadAssembly
Native extension for WindowsStandalone target not found
Native extension for WebGL target not found
Refreshing native plugins compatible for Editor in 0.52 ms, found 0 plugins.
Preloading 0 native plugins for Editor in 0.00 ms.
Mono: successfully reloaded assembly
- Completed reload, in  1.225 seconds
Platform modules already initialized, skipping
Refreshing native plugins compatible for Editor in 0.35 ms, found 0 plugins.
Preloading 0 native plugins for Editor in 0.00 ms.
Unloading 1458 Unused Serialized files (Serialized files now loaded: 0)
System memory in use before: 70.5 MB.
System memory in use after: 70.5 MB.

Unloading 6 unused Assets to reduce memory usage. Loaded Objects now: 1956.
Total: 2.519900 ms (FindLiveObjects: 0.323600 ms CreateObjectMapping: 0.060300 ms MarkObjects: 2.023400 ms  DeleteObjects: 0.111200 ms)

========================================================================
Received Prepare
Refreshing native plugins compatible for Editor in 0.82 ms, found 0 plugins.
Preloading 0 native plugins for Editor in 0.00 ms.
Unloading 4 Unused Serialized files (Serialized files now loaded: 0)
System memory in use before: 41.7 MB.
System memory in use after: 41.7 MB.

Unloading 4 unused Assets to reduce memory usage. Loaded Objects now: 1956.
Total: 3.312000 ms (FindLiveObjects: 0.417100 ms CreateObjectMapping: 0.159800 ms MarkObjects: 2.601100 ms  DeleteObjects: 0.132800 ms)

========================================================================
Received Prepare
Refreshing native plugins compatible for Editor in 0.82 ms, found 0 plugins.
Preloading 0 native plugins for Editor in 0.00 ms.
Unloading 4 Unused Serialized files (Serialized files now loaded: 0)
System memory in use before: 41.7 MB.
System memory in use after: 41.8 MB.

Unloading 4 unused Assets to reduce memory usage. Loaded Objects now: 1956.
Total: 2.476700 ms (FindLiveObjects: 0.365800 ms CreateObjectMapping: 0.044500 ms MarkObjects: 1.953100 ms  DeleteObjects: 0.111600 ms)

========================================================================
Received Prepare
Refreshing native plugins compatible for Editor in 0.86 ms, found 0 plugins.
Preloading 0 native plugins for Editor in 0.00 ms.
Unloading 4 Unused Serialized files (Serialized files now loaded: 0)
System memory in use before: 41.7 MB.
System memory in use after: 41.8 MB.

Unloading 4 unused Assets to reduce memory usage. Loaded Objects now: 1956.
Total: 2.745800 ms (FindLiveObjects: 0.441700 ms CreateObjectMapping: 0.055700 ms MarkObjects: 2.133200 ms  DeleteObjects: 0.112700 ms)

========================================================================
Received Prepare
Registering precompiled user dll's ...
Registered in 0.001103 seconds.
Begin MonoManager ReloadAssembly
Native extension for WindowsStandalone target not found
Native extension for WebGL target not found
Refreshing native plugins compatible for Editor in 0.31 ms, found 0 plugins.
Preloading 0 native plugins for Editor in 0.00 ms.
Mono: successfully reloaded assembly
- Completed reload, in  1.057 seconds
Platform modules already initialized, skipping
Refreshing native plugins compatible for Editor in 0.33 ms, found 0 plugins.
Preloading 0 native plugins for Editor in 0.00 ms.
Unloading 1458 Unused Serialized files (Serialized files now loaded: 0)
System memory in use before: 70.5 MB.
System memory in use after: 70.6 MB.

Unloading 6 unused Assets to reduce memory usage. Loaded Objects now: 1959.
Total: 4.906200 ms (FindLiveObjects: 0.462500 ms CreateObjectMapping: 0.069800 ms MarkObjects: 4.073800 ms  DeleteObjects: 0.295500 ms)

========================================================================
Received Import Request.
  Time since last request: 6095.635532 seconds.
  path: Assets/Prefabs/BoardViewer.prefab
  artifactKey: Guid(98798a3a36a958b46a124968caa2c9d4) Importer(815301076,1909f56bfc062723c751e8b465ee728b)
Start importing Assets/Prefabs/BoardViewer.prefab using Guid(98798a3a36a958b46a124968caa2c9d4) Importer(815301076,1909f56bfc062723c751e8b465ee728b)  -> (artifact id: 'a0426fc623f425ed1e14074e0fb94d67') in 0.520601 seconds
  Import took 0.530578 seconds .

========================================================================
Received Import Request.
  Time since last request: 9.772658 seconds.
  path: Assets/Prefabs/Peak.prefab
  artifactKey: Guid(c59570396d5294d409d7e18de18ae9d0) Importer(815301076,1909f56bfc062723c751e8b465ee728b)
Start importing Assets/Prefabs/Peak.prefab using Guid(c59570396d5294d409d7e18de18ae9d0) Importer(815301076,1909f56bfc062723c751e8b465ee728b)  -> (artifact id: '4a9cc5d423ca3f49c3344119d6bf10b3') in 0.020855 seconds
  Import took 0.024607 seconds .

========================================================================
Received Import Request.
  Time since last request: 10.286919 seconds.
  path: Assets/Prefabs/Peak.prefab
  artifactKey: Guid(c59570396d5294d409d7e18de18ae9d0) Importer(815301076,1909f56bfc062723c751e8b465ee728b)
Start importing Assets/Prefabs/Peak.prefab using Guid(c59570396d5294d409d7e18de18ae9d0) Importer(815301076,1909f56bfc062723c751e8b465ee728b)  -> (artifact id: '531e36944e3e273277bd8d9e17b3eb7d') in 0.011578 seconds
  Import took 0.014884 seconds .

========================================================================
Received Import Request.
  Time since last request: 3.546454 seconds.
  path: Assets/Prefabs/Peak.prefab
  artifactKey: Guid(c59570396d5294d409d7e18de18ae9d0) Importer(815301076,1909f56bfc062723c751e8b465ee728b)
Start importing Assets/Prefabs/Peak.prefab using Guid(c59570396d5294d409d7e18de18ae9d0) Importer(815301076,1909f56bfc062723c751e8b465ee728b)  -> (artifact id: '75c3f98457f208ed67ff1b2eb475e6e6') in 0.013057 seconds
  Import took 0.029368 seconds .

========================================================================
Received Import Request.
  Time since last request: 0.169226 seconds.
  path: Assets/Prefabs/Peak.prefab
  artifactKey: Guid(c59570396d5294d409d7e18de18ae9d0) Importer(815301076,1909f56bfc062723c751e8b465ee728b)
Start importing Assets/Prefabs/Peak.prefab using Guid(c59570396d5294d409d7e18de18ae9d0) Importer(815301076,1909f56bfc062723c751e8b465ee728b)  -> (artifact id: '2f15921e0096629414c380b425686436') in 0.010868 seconds
  Import took 0.014050 seconds .

========================================================================
Received Import Request.
  Time since last request: 13.127660 seconds.
  path: Assets/Prefabs/Peak.prefab
  artifactKey: Guid(c59570396d5294d409d7e18de18ae9d0) Importer(815301076,1909f56bfc062723c751e8b465ee728b)
Start importing Assets/Prefabs/Peak.prefab using Guid(c59570396d5294d409d7e18de18ae9d0) Importer(815301076,1909f56bfc062723c751e8b465ee728b)  -> (artifact id: '499856ed2b3afadef83d263e06161fa0') in 0.011093 seconds
  Import took 0.030581 seconds .

========================================================================
Received Import Request.
  Time since last request: 1.810832 seconds.
  path: Assets/Prefabs/Peak.prefab
  artifactKey: Guid(c59570396d5294d409d7e18de18ae9d0) Importer(815301076,1909f56bfc062723c751e8b465ee728b)
Start importing Assets/Prefabs/Peak.prefab using Guid(c59570396d5294d409d7e18de18ae9d0) Importer(815301076,1909f56bfc062723c751e8b465ee728b)  -> (artifact id: 'f91e53d7d0f3d76da837d0e2779281f4') in 0.011132 seconds
  Import took 0.026130 seconds .

========================================================================
Received Import Request.
  Time since last request: 2.655601 seconds.
  path: Assets/Prefabs/Peak.prefab
  artifactKey: Guid(c59570396d5294d409d7e18de18ae9d0) Importer(815301076,1909f56bfc062723c751e8b465ee728b)
Start importing Assets/Prefabs/Peak.prefab using Guid(c59570396d5294d409d7e18de18ae9d0) Importer(815301076,1909f56bfc062723c751e8b465ee728b)  -> (artifact id: 'd4a301e5d6ba6aadbfe38231e5fcbd12') in 0.011421 seconds
  Import took 0.052854 seconds .

========================================================================
Received Import Request.
  Time since last request: 1.623966 seconds.
  path: Assets/Prefabs/Peak.prefab
  artifactKey: Guid(c59570396d5294d409d7e18de18ae9d0) Importer(815301076,1909f56bfc062723c751e8b465ee728b)
Start importing Assets/Prefabs/Peak.prefab using Guid(c59570396d5294d409d7e18de18ae9d0) Importer(815301076,1909f56bfc062723c751e8b465ee728b)  -> (artifact id: '5cdcbf185aa779784e43c9b5ecc12a7e') in 0.007889 seconds
  Import took 0.011289 seconds .

========================================================================
Received Import Request.
  Time since last request: 2.713488 seconds.
  path: Assets/Prefabs/Peak.prefab
  artifactKey: Guid(c59570396d5294d409d7e18de18ae9d0) Importer(815301076,1909f56bfc062723c751e8b465ee728b)
Start importing Assets/Prefabs/Peak.prefab using Guid(c59570396d5294d409d7e18de18ae9d0) Importer(815301076,1909f56bfc062723c751e8b465ee728b)  -> (artifact id: '47014291242a79daffc645a8a2efd472') in 0.008561 seconds
  Import took 0.034735 seconds .

========================================================================
Received Import Request.
  Time since last request: 2.017696 seconds.
  path: Assets/Prefabs/Peak.prefab
  artifactKey: Guid(c59570396d5294d409d7e18de18ae9d0) Importer(815301076,1909f56bfc062723c751e8b465ee728b)
Start importing Assets/Prefabs/Peak.prefab using Guid(c59570396d5294d409d7e18de18ae9d0) Importer(815301076,1909f56bfc062723c751e8b465ee728b)  -> (artifact id: 'b5b7265ea6c9d47c8524d721811f0c04') in 0.013734 seconds
  Import took 0.018098 seconds .

========================================================================
Received Import Request.
  Time since last request: 2.775930 seconds.
  path: Assets/Prefabs/Peak.prefab
  artifactKey: Guid(c59570396d5294d409d7e18de18ae9d0) Importer(815301076,1909f56bfc062723c751e8b465ee728b)
Start importing Assets/Prefabs/Peak.prefab using Guid(c59570396d5294d409d7e18de18ae9d0) Importer(815301076,1909f56bfc062723c751e8b465ee728b)  -> (artifact id: 'e9ebf53e6fa817bb3ed4cf1d0b5eec2b') in 0.010877 seconds
  Import took 0.014073 seconds .

========================================================================
Received Import Request.
  Time since last request: 4.345980 seconds.
  path: Assets/Prefabs/Peak.prefab
  artifactKey: Guid(c59570396d5294d409d7e18de18ae9d0) Importer(815301076,1909f56bfc062723c751e8b465ee728b)
Start importing Assets/Prefabs/Peak.prefab using Guid(c59570396d5294d409d7e18de18ae9d0) Importer(815301076,1909f56bfc062723c751e8b465ee728b)  -> (artifact id: 'c3ded9801c782c23a7bd4d808bb208cf') in 0.011025 seconds
  Import took 0.014258 seconds .

========================================================================
Received Import Request.
  Time since last request: 49.519536 seconds.
  path: Assets/Prefabs/Peak.prefab
  artifactKey: Guid(c59570396d5294d409d7e18de18ae9d0) Importer(815301076,1909f56bfc062723c751e8b465ee728b)
Start importing Assets/Prefabs/Peak.prefab using Guid(c59570396d5294d409d7e18de18ae9d0) Importer(815301076,1909f56bfc062723c751e8b465ee728b)  -> (artifact id: '9b8da5a6e909276beae5614adb090cfe') in 0.009470 seconds
  Import took 0.012899 seconds .

========================================================================
Received Import Request.
  Time since last request: 2.079513 seconds.
  path: Assets/Prefabs/Peak.prefab
  artifactKey: Guid(c59570396d5294d409d7e18de18ae9d0) Importer(815301076,1909f56bfc062723c751e8b465ee728b)
Start importing Assets/Prefabs/Peak.prefab using Guid(c59570396d5294d409d7e18de18ae9d0) Importer(815301076,1909f56bfc062723c751e8b465ee728b)  -> (artifact id: 'f427d41a4bb6e205e29e7d90c383f03c') in 0.007955 seconds
  Import took 0.011114 seconds .

========================================================================
Received Import Request.
  Time since last request: 3.631538 seconds.
  path: Assets/Prefabs/Peak.prefab
  artifactKey: Guid(c59570396d5294d409d7e18de18ae9d0) Importer(815301076,1909f56bfc062723c751e8b465ee728b)
Start importing Assets/Prefabs/Peak.prefab using Guid(c59570396d5294d409d7e18de18ae9d0) Importer(815301076,1909f56bfc062723c751e8b465ee728b)  -> (artifact id: 'afe42f7844184c2b4b37ae487ca76fe8') in 0.009725 seconds
  Import took 0.012974 seconds .

========================================================================
Received Import Request.
  Time since last request: 14.488575 seconds.
  path: Assets/Prefabs/Peak.prefab
  artifactKey: Guid(c59570396d5294d409d7e18de18ae9d0) Importer(815301076,1909f56bfc062723c751e8b465ee728b)
Start importing Assets/Prefabs/Peak.prefab using Guid(c59570396d5294d409d7e18de18ae9d0) Importer(815301076,1909f56bfc062723c751e8b465ee728b)  -> (artifact id: '273dd21ff378a286431ddf1abf7dba59') in 0.007399 seconds
  Import took 0.028991 seconds .

========================================================================
Received Import Request.
  Time since last request: 685.213300 seconds.
  path: Assets/Prefabs/TestPeak.prefab
  artifactKey: Guid(5ae53667aff5eed4a83a99606427b081) Importer(815301076,1909f56bfc062723c751e8b465ee728b)
Start importing Assets/Prefabs/TestPeak.prefab using Guid(5ae53667aff5eed4a83a99606427b081) Importer(815301076,1909f56bfc062723c751e8b465ee728b)  -> (artifact id: '4b0a008a6343259d3f2acd18bc3b62fe') in 0.047949 seconds
  Import took 0.051313 seconds .

========================================================================
Received Import Request.
  Time since last request: 784.883603 seconds.
  path: Assets/Prefabs/TestPeak.prefab
  artifactKey: Guid(5ae53667aff5eed4a83a99606427b081) Importer(815301076,1909f56bfc062723c751e8b465ee728b)
Start importing Assets/Prefabs/TestPeak.prefab using Guid(5ae53667aff5eed4a83a99606427b081) Importer(815301076,1909f56bfc062723c751e8b465ee728b)  -> (artifact id: '383718460eebd7dc12c079a6d7121eb4') in 0.010601 seconds
  Import took 0.014628 seconds .

========================================================================
Received Import Request.
  Time since last request: 2.726685 seconds.
  path: Assets/Prefabs/TestPeak.prefab
  artifactKey: Guid(5ae53667aff5eed4a83a99606427b081) Importer(815301076,1909f56bfc062723c751e8b465ee728b)
Start importing Assets/Prefabs/TestPeak.prefab using Guid(5ae53667aff5eed4a83a99606427b081) Importer(815301076,1909f56bfc062723c751e8b465ee728b)  -> (artifact id: 'a6770a1e5399fdec62a2db025b89bddd') in 0.009808 seconds
  Import took 0.044074 seconds .

========================================================================
Received Import Request.
  Time since last request: 6.200478 seconds.
  path: Assets/Prefabs/TestPeak.prefab
  artifactKey: Guid(5ae53667aff5eed4a83a99606427b081) Importer(815301076,1909f56bfc062723c751e8b465ee728b)
Start importing Assets/Prefabs/TestPeak.prefab using Guid(5ae53667aff5eed4a83a99606427b081) Importer(815301076,1909f56bfc062723c751e8b465ee728b)  -> (artifact id: '7e986ed20a54b269aa8801e3911f67e4') in 0.010759 seconds
  Import took 0.049413 seconds .

========================================================================
Received Import Request.
  Time since last request: 4.822097 seconds.
  path: Assets/Prefabs/TestPeak.prefab
  artifactKey: Guid(5ae53667aff5eed4a83a99606427b081) Importer(815301076,1909f56bfc062723c751e8b465ee728b)
Start importing Assets/Prefabs/TestPeak.prefab using Guid(5ae53667aff5eed4a83a99606427b081) Importer(815301076,1909f56bfc062723c751e8b465ee728b)  -> (artifact id: '826bc45da8f96691cc8fc46459cedd8c') in 0.008416 seconds
  Import took 0.021330 seconds .

========================================================================
Received Import Request.
  Time since last request: 164.683564 seconds.
  path: Assets/Prefabs/TestPeak.prefab
  artifactKey: Guid(5ae53667aff5eed4a83a99606427b081) Importer(815301076,1909f56bfc062723c751e8b465ee728b)
Start importing Assets/Prefabs/TestPeak.prefab using Guid(5ae53667aff5eed4a83a99606427b081) Importer(815301076,1909f56bfc062723c751e8b465ee728b)  -> (artifact id: '191f80f6173e46bd08d32cabbf44eb93') in 0.010735 seconds
  Import took 0.198893 seconds .

========================================================================
Received Import Request.
  Time since last request: 3.989715 seconds.
  path: Assets/Prefabs/TestPeak.prefab
  artifactKey: Guid(5ae53667aff5eed4a83a99606427b081) Importer(815301076,1909f56bfc062723c751e8b465ee728b)
Start importing Assets/Prefabs/TestPeak.prefab using Guid(5ae53667aff5eed4a83a99606427b081) Importer(815301076,1909f56bfc062723c751e8b465ee728b)  -> (artifact id: 'd6a5f23efee86e0323c0bf7a4c6f1a41') in 0.010425 seconds
  Import took 0.032781 seconds .

AssetImportWorkerClient::OnTransportError - code=1236 error=Подключение к сети было разорвано локальной системой.
