Using pre-set license
Built from '2020.3/staging' branch; Version is '2020.3.6f1 (338bb68529b2) revision 3378102'; Using compiler version '192528614'; Build Type 'Release'
OS: 'Windows 10 Home Single Language; OS build 19042.1237; Version 2009; 64bit' Language: 'ru' Physical Memory: 8128 MB
BatchMode: 1, IsHumanControllingUs: 0, StartBugReporterOnCrash: 0, Is64bit: 1, IsPro: 0

 COMMAND LINE ARGUMENTS:
C:\Program Files\Unity\Hub\Editor\2020.3.6f1\Editor\Unity.exe
-adb2
-batchMode
-noUpm
-name
AssetImportWorker1
-projectPath
D:/Progs/Unity/Connect4_3D
-logFile
Logs/AssetImportWorker1.log
-srvPort
59407
Successfully changed project path to: D:/Progs/Unity/Connect4_3D
D:/Progs/Unity/Connect4_3D
Using Asset Import Pipeline V2.
Refreshing native plugins compatible for Editor in 38.11 ms, found 0 plugins.
Preloading 0 native plugins for Editor in 0.00 ms.
Initialize engine version: 2020.3.6f1 (338bb68529b2)
[Subsystems] Discovering subsystems at path C:/Program Files/Unity/Hub/Editor/2020.3.6f1/Editor/Data/Resources/UnitySubsystems
[Subsystems] Discovering subsystems at path D:/Progs/Unity/Connect4_3D/Assets
GfxDevice: creating device client; threaded=0
Direct3D:
    Version:  Direct3D 11.0 [level 11.1]
    Renderer: Radeon RX 580 Series (ID=0x67df)
    Vendor:   
    VRAM:     4075 MB
    Driver:   27.20.1034.6
Initialize mono
Mono path[0] = 'C:/Program Files/Unity/Hub/Editor/2020.3.6f1/Editor/Data/Managed'
Mono path[1] = 'C:/Program Files/Unity/Hub/Editor/2020.3.6f1/Editor/Data/MonoBleedingEdge/lib/mono/unityjit'
Mono config path = 'C:/Program Files/Unity/Hub/Editor/2020.3.6f1/Editor/Data/MonoBleedingEdge/etc'
Using monoOptions --debugger-agent=transport=dt_socket,embedding=1,server=y,suspend=n,address=127.0.0.1:56944
Begin MonoManager ReloadAssembly
Registering precompiled unity dll's ...
Register platform support module: C:/Program Files/Unity/Hub/Editor/2020.3.6f1/Editor/Data/PlaybackEngines/WebGLSupport/UnityEditor.WebGL.Extensions.dll
Register platform support module: C:/Program Files/Unity/Hub/Editor/2020.3.6f1/Editor/Data/PlaybackEngines/WindowsStandaloneSupport/UnityEditor.WindowsStandalone.Extensions.dll
Registered in 0.006785 seconds.
Native extension for WindowsStandalone target not found
Native extension for WebGL target not found
Refreshing native plugins compatible for Editor in 39.73 ms, found 0 plugins.
Preloading 0 native plugins for Editor in 0.00 ms.
Mono: successfully reloaded assembly
- Completed reload, in  2.920 seconds
Platform modules already initialized, skipping
Registering precompiled user dll's ...
Registered in 0.011412 seconds.
Begin MonoManager ReloadAssembly
Native extension for WindowsStandalone target not found
Native extension for WebGL target not found
Refreshing native plugins compatible for Editor in 0.31 ms, found 0 plugins.
Preloading 0 native plugins for Editor in 0.00 ms.
Mono: successfully reloaded assembly
- Completed reload, in  1.642 seconds
Platform modules already initialized, skipping
========================================================================
Worker process is ready to serve import requests
Launched and connected shader compiler UnityShaderCompiler.exe after 0.11 seconds
Refreshing native plugins compatible for Editor in 0.32 ms, found 0 plugins.
Preloading 0 native plugins for Editor in 0.00 ms.
Unloading 1486 Unused Serialized files (Serialized files now loaded: 0)
System memory in use before: 72.6 MB.
System memory in use after: 72.6 MB.

Unloading 11 unused Assets to reduce memory usage. Loaded Objects now: 1930.
Total: 3.954600 ms (FindLiveObjects: 0.288800 ms CreateObjectMapping: 0.064200 ms MarkObjects: 3.425600 ms  DeleteObjects: 0.173200 ms)

========================================================================
Received Import Request.
  path: Assets/Scripts/TestEvent.cs
  artifactKey: Guid(2e2fb97f953c5fc4ba85e52e295a02c7) Importer(815301076,1909f56bfc062723c751e8b465ee728b)
Start importing Assets/Scripts/TestEvent.cs using Guid(2e2fb97f953c5fc4ba85e52e295a02c7) Importer(815301076,1909f56bfc062723c751e8b465ee728b)  -> (artifact id: '928b6ac67ce8afcfca7e931d51b65a8b') in 0.042486 seconds
  Import took 0.048779 seconds .

========================================================================
Received Import Request.
  Time since last request: 17.661218 seconds.
  path: Assets/Scripts/TestEvent.cs
  artifactKey: Guid(2e2fb97f953c5fc4ba85e52e295a02c7) Importer(815301076,1909f56bfc062723c751e8b465ee728b)
Start importing Assets/Scripts/TestEvent.cs using Guid(2e2fb97f953c5fc4ba85e52e295a02c7) Importer(815301076,1909f56bfc062723c751e8b465ee728b)  -> (artifact id: 'c51f45d88f4a20b62101e234269e2532') in 0.001842 seconds
  Import took 0.079410 seconds .

========================================================================
Received Import Request.
  Time since last request: 23.654828 seconds.
  path: Assets/Prefabs/BoardViewer.prefab
  artifactKey: Guid(98798a3a36a958b46a124968caa2c9d4) Importer(815301076,1909f56bfc062723c751e8b465ee728b)
Start importing Assets/Prefabs/BoardViewer.prefab using Guid(98798a3a36a958b46a124968caa2c9d4) Importer(815301076,1909f56bfc062723c751e8b465ee728b)  -> (artifact id: '998bc8157634f2633f723499c60c841e') in 0.358853 seconds
  Import took 0.410247 seconds .

========================================================================
Received Import Request.
  Time since last request: 0.000262 seconds.
  path: Assets/Prefabs/Peak.prefab
  artifactKey: Guid(c59570396d5294d409d7e18de18ae9d0) Importer(815301076,1909f56bfc062723c751e8b465ee728b)
Start importing Assets/Prefabs/Peak.prefab using Guid(c59570396d5294d409d7e18de18ae9d0) Importer(815301076,1909f56bfc062723c751e8b465ee728b)  -> (artifact id: '103824ac0d3a139162a80146eac6a37e') in 0.017285 seconds
  Import took 0.020268 seconds .

========================================================================
Received Import Request.
  Time since last request: 199.697792 seconds.
  path: Assets/Scripts/TestEvent.cs
  artifactKey: Guid(2e2fb97f953c5fc4ba85e52e295a02c7) Importer(815301076,1909f56bfc062723c751e8b465ee728b)
Start importing Assets/Scripts/TestEvent.cs using Guid(2e2fb97f953c5fc4ba85e52e295a02c7) Importer(815301076,1909f56bfc062723c751e8b465ee728b)  -> (artifact id: 'f05e81f9a162bb11a11f973d2883179e') in 0.001998 seconds
  Import took 0.005506 seconds .

AssetImportWorkerClient::OnTransportError - code=1236 error=Подключение к сети было разорвано локальной системой.
