Using pre-set license
Built from '2020.3/staging' branch; Version is '2020.3.6f1 (338bb68529b2) revision 3378102'; Using compiler version '192528614'; Build Type 'Release'
OS: 'Windows 10 Home Single Language; OS build 19042.1237; Version 2009; 64bit' Language: 'ru' Physical Memory: 8128 MB
BatchMode: 1, IsHumanControllingUs: 0, StartBugReporterOnCrash: 0, Is64bit: 1, IsPro: 0

 COMMAND LINE ARGUMENTS:
C:\Program Files\Unity\Hub\Editor\2020.3.6f1\Editor\Unity.exe
-adb2
-batchMode
-noUpm
-name
AssetImportWorker1
-projectPath
D:/Progs/Unity/Connect4_3D
-logFile
Logs/AssetImportWorker1.log
-srvPort
49881
Successfully changed project path to: D:/Progs/Unity/Connect4_3D
D:/Progs/Unity/Connect4_3D
Using Asset Import Pipeline V2.
Refreshing native plugins compatible for Editor in 35.63 ms, found 0 plugins.
Preloading 0 native plugins for Editor in 0.00 ms.
Initialize engine version: 2020.3.6f1 (338bb68529b2)
[Subsystems] Discovering subsystems at path C:/Program Files/Unity/Hub/Editor/2020.3.6f1/Editor/Data/Resources/UnitySubsystems
[Subsystems] Discovering subsystems at path D:/Progs/Unity/Connect4_3D/Assets
GfxDevice: creating device client; threaded=0
Direct3D:
    Version:  Direct3D 11.0 [level 11.1]
    Renderer: Radeon RX 580 Series (ID=0x67df)
    Vendor:   
    VRAM:     4075 MB
    Driver:   27.20.1034.6
Initialize mono
Mono path[0] = 'C:/Program Files/Unity/Hub/Editor/2020.3.6f1/Editor/Data/Managed'
Mono path[1] = 'C:/Program Files/Unity/Hub/Editor/2020.3.6f1/Editor/Data/MonoBleedingEdge/lib/mono/unityjit'
Mono config path = 'C:/Program Files/Unity/Hub/Editor/2020.3.6f1/Editor/Data/MonoBleedingEdge/etc'
Using monoOptions --debugger-agent=transport=dt_socket,embedding=1,server=y,suspend=n,address=127.0.0.1:56040
Begin MonoManager ReloadAssembly
Registering precompiled unity dll's ...
Register platform support module: C:/Program Files/Unity/Hub/Editor/2020.3.6f1/Editor/Data/PlaybackEngines/WebGLSupport/UnityEditor.WebGL.Extensions.dll
Register platform support module: C:/Program Files/Unity/Hub/Editor/2020.3.6f1/Editor/Data/PlaybackEngines/WindowsStandaloneSupport/UnityEditor.WindowsStandalone.Extensions.dll
Registered in 0.003759 seconds.
Native extension for WindowsStandalone target not found
Native extension for WebGL target not found
Refreshing native plugins compatible for Editor in 34.90 ms, found 0 plugins.
Preloading 0 native plugins for Editor in 0.00 ms.
Mono: successfully reloaded assembly
- Completed reload, in  2.837 seconds
Platform modules already initialized, skipping
Registering precompiled user dll's ...
Registered in 0.000718 seconds.
Begin MonoManager ReloadAssembly
Native extension for WindowsStandalone target not found
Native extension for WebGL target not found
Refreshing native plugins compatible for Editor in 0.33 ms, found 0 plugins.
Preloading 0 native plugins for Editor in 0.00 ms.
Mono: successfully reloaded assembly
- Completed reload, in  1.101 seconds
Platform modules already initialized, skipping
========================================================================
Worker process is ready to serve import requests
Launched and connected shader compiler UnityShaderCompiler.exe after 0.08 seconds
Refreshing native plugins compatible for Editor in 0.33 ms, found 0 plugins.
Preloading 0 native plugins for Editor in 0.00 ms.
Unloading 1487 Unused Serialized files (Serialized files now loaded: 0)
System memory in use before: 72.8 MB.
System memory in use after: 72.8 MB.

Unloading 11 unused Assets to reduce memory usage. Loaded Objects now: 1931.
Total: 2.315100 ms (FindLiveObjects: 0.236800 ms CreateObjectMapping: 0.063200 ms MarkObjects: 1.877300 ms  DeleteObjects: 0.136300 ms)

========================================================================
Received Import Request.
  path: Assets/Scripts/Players
  artifactKey: Guid(7f5c18881f12228499f291b74748d7ce) Importer(815301076,1909f56bfc062723c751e8b465ee728b)
Start importing Assets/Scripts/Players using Guid(7f5c18881f12228499f291b74748d7ce) Importer(815301076,1909f56bfc062723c751e8b465ee728b)  -> (artifact id: 'a3e3c27f9df9ad21a530ce622a05d6b1') in 0.010525 seconds
  Import took 0.061022 seconds .

========================================================================
Received Import Request.
  Time since last request: 3.615214 seconds.
  path: Assets/Scripts/Players/IPlayer.cs
  artifactKey: Guid(757fad86783fa8e44ab23cd2febae994) Importer(815301076,1909f56bfc062723c751e8b465ee728b)
Start importing Assets/Scripts/Players/IPlayer.cs using Guid(757fad86783fa8e44ab23cd2febae994) Importer(815301076,1909f56bfc062723c751e8b465ee728b)  -> (artifact id: 'a4eff247a2d74ec4ffdb749673a7fe89') in 0.036241 seconds
  Import took 0.095706 seconds .

========================================================================
Received Import Request.
  Time since last request: 16.141107 seconds.
  path: Assets/Scripts/Players/IPlayer.cs
  artifactKey: Guid(757fad86783fa8e44ab23cd2febae994) Importer(815301076,1909f56bfc062723c751e8b465ee728b)
Start importing Assets/Scripts/Players/IPlayer.cs using Guid(757fad86783fa8e44ab23cd2febae994) Importer(815301076,1909f56bfc062723c751e8b465ee728b)  -> (artifact id: '004448733ad077bc3525ca9ef9cfd732') in 0.004904 seconds
  Import took 0.009444 seconds .

========================================================================
Received Import Request.
  Time since last request: 4.490295 seconds.
  path: Assets/Scripts/Players/IPlayer.cs
  artifactKey: Guid(757fad86783fa8e44ab23cd2febae994) Importer(815301076,1909f56bfc062723c751e8b465ee728b)
Start importing Assets/Scripts/Players/IPlayer.cs using Guid(757fad86783fa8e44ab23cd2febae994) Importer(815301076,1909f56bfc062723c751e8b465ee728b)  -> (artifact id: '317864fdc24ab4d80d367843e49f96fe') in 0.005282 seconds
  Import took 0.021830 seconds .

========================================================================
Received Import Request.
  Time since last request: 3.782152 seconds.
  path: Assets/Scripts/Players/IPlayer.cs
  artifactKey: Guid(757fad86783fa8e44ab23cd2febae994) Importer(815301076,1909f56bfc062723c751e8b465ee728b)
Start importing Assets/Scripts/Players/IPlayer.cs using Guid(757fad86783fa8e44ab23cd2febae994) Importer(815301076,1909f56bfc062723c751e8b465ee728b)  -> (artifact id: 'c64b1d0f71d201dbb97b98f8ca8601e8') in 0.004308 seconds
  Import took 0.041814 seconds .

========================================================================
Received Import Request.
  Time since last request: 25.169877 seconds.
  path: Assets/Scripts/Players/IPlayer.cs
  artifactKey: Guid(757fad86783fa8e44ab23cd2febae994) Importer(815301076,1909f56bfc062723c751e8b465ee728b)
Start importing Assets/Scripts/Players/IPlayer.cs using Guid(757fad86783fa8e44ab23cd2febae994) Importer(815301076,1909f56bfc062723c751e8b465ee728b)  -> (artifact id: '9d565b13978b3f4fe934e993c40fe414') in 0.002345 seconds
  Import took 0.006217 seconds .

========================================================================
Received Prepare
Registering precompiled user dll's ...
Registered in 0.000738 seconds.
Begin MonoManager ReloadAssembly
Native extension for WindowsStandalone target not found
Native extension for WebGL target not found
Refreshing native plugins compatible for Editor in 0.33 ms, found 0 plugins.
Preloading 0 native plugins for Editor in 0.00 ms.
Mono: successfully reloaded assembly
- Completed reload, in  1.022 seconds
Platform modules already initialized, skipping
Refreshing native plugins compatible for Editor in 0.34 ms, found 0 plugins.
Preloading 0 native plugins for Editor in 0.00 ms.
Unloading 1461 Unused Serialized files (Serialized files now loaded: 0)
System memory in use before: 70.6 MB.
System memory in use after: 70.6 MB.

Unloading 6 unused Assets to reduce memory usage. Loaded Objects now: 1935.
Total: 2.217800 ms (FindLiveObjects: 0.231900 ms CreateObjectMapping: 0.044800 ms MarkObjects: 1.838300 ms  DeleteObjects: 0.100900 ms)

========================================================================
Received Import Request.
  Time since last request: 68.136495 seconds.
  path: Assets/Scripts/Players/Human.cs
  artifactKey: Guid(4be229097cc1fb64c8b2e2a9e016a011) Importer(815301076,1909f56bfc062723c751e8b465ee728b)
Start importing Assets/Scripts/Players/Human.cs using Guid(4be229097cc1fb64c8b2e2a9e016a011) Importer(815301076,1909f56bfc062723c751e8b465ee728b)  -> (artifact id: '0bf344d01eabb9ef9f30cb346cb015f8') in 0.011910 seconds
  Import took 0.038124 seconds .

========================================================================
Received Prepare
Registering precompiled user dll's ...
Registered in 0.000802 seconds.
Begin MonoManager ReloadAssembly
Native extension for WindowsStandalone target not found
Native extension for WebGL target not found
Refreshing native plugins compatible for Editor in 0.62 ms, found 0 plugins.
Preloading 0 native plugins for Editor in 0.00 ms.
Mono: successfully reloaded assembly
- Completed reload, in  1.061 seconds
Platform modules already initialized, skipping
Refreshing native plugins compatible for Editor in 0.34 ms, found 0 plugins.
Preloading 0 native plugins for Editor in 0.00 ms.
Unloading 1462 Unused Serialized files (Serialized files now loaded: 0)
System memory in use before: 70.6 MB.
System memory in use after: 70.7 MB.

Unloading 6 unused Assets to reduce memory usage. Loaded Objects now: 1939.
Total: 2.590800 ms (FindLiveObjects: 0.274500 ms CreateObjectMapping: 0.047200 ms MarkObjects: 2.145900 ms  DeleteObjects: 0.121000 ms)

========================================================================
Received Import Request.
  Time since last request: 103.576177 seconds.
  path: Assets/Scripts/Players/Human.cs
  artifactKey: Guid(4be229097cc1fb64c8b2e2a9e016a011) Importer(815301076,1909f56bfc062723c751e8b465ee728b)
Start importing Assets/Scripts/Players/Human.cs using Guid(4be229097cc1fb64c8b2e2a9e016a011) Importer(815301076,1909f56bfc062723c751e8b465ee728b)  -> (artifact id: '1125d97940a88b84bbc961bd5114f040') in 0.007041 seconds
  Import took 0.020352 seconds .

========================================================================
Received Prepare
Registering precompiled user dll's ...
Registered in 0.000741 seconds.
Begin MonoManager ReloadAssembly
Native extension for WindowsStandalone target not found
Native extension for WebGL target not found
Refreshing native plugins compatible for Editor in 0.34 ms, found 0 plugins.
Preloading 0 native plugins for Editor in 0.00 ms.
Mono: successfully reloaded assembly
- Completed reload, in  1.020 seconds
Platform modules already initialized, skipping
Refreshing native plugins compatible for Editor in 0.33 ms, found 0 plugins.
Preloading 0 native plugins for Editor in 0.00 ms.
Unloading 1462 Unused Serialized files (Serialized files now loaded: 0)
System memory in use before: 70.6 MB.
System memory in use after: 70.7 MB.

Unloading 6 unused Assets to reduce memory usage. Loaded Objects now: 1942.
Total: 2.142700 ms (FindLiveObjects: 0.220100 ms CreateObjectMapping: 0.049600 ms MarkObjects: 1.768900 ms  DeleteObjects: 0.103000 ms)

========================================================================
Received Prepare
Registering precompiled user dll's ...
Registered in 0.000829 seconds.
Begin MonoManager ReloadAssembly
Native extension for WindowsStandalone target not found
Native extension for WebGL target not found
Refreshing native plugins compatible for Editor in 0.57 ms, found 0 plugins.
Preloading 0 native plugins for Editor in 0.00 ms.
Mono: successfully reloaded assembly
- Completed reload, in  1.008 seconds
Platform modules already initialized, skipping
Refreshing native plugins compatible for Editor in 0.33 ms, found 0 plugins.
Preloading 0 native plugins for Editor in 0.00 ms.
Unloading 1462 Unused Serialized files (Serialized files now loaded: 0)
System memory in use before: 70.6 MB.
System memory in use after: 70.7 MB.

Unloading 6 unused Assets to reduce memory usage. Loaded Objects now: 1945.
Total: 2.324300 ms (FindLiveObjects: 0.250600 ms CreateObjectMapping: 0.043500 ms MarkObjects: 1.918800 ms  DeleteObjects: 0.110500 ms)

========================================================================
Received Import Request.
  Time since last request: 148.931992 seconds.
  path: Assets/Prefabs/BoardViewer.prefab
  artifactKey: Guid(98798a3a36a958b46a124968caa2c9d4) Importer(815301076,1909f56bfc062723c751e8b465ee728b)
Start importing Assets/Prefabs/BoardViewer.prefab using Guid(98798a3a36a958b46a124968caa2c9d4) Importer(815301076,1909f56bfc062723c751e8b465ee728b)  -> (artifact id: '2bb9e27e4d8b81d9d8a7df13ed76df09') in 0.168022 seconds
  Import took 0.195406 seconds .

========================================================================
Received Import Request.
  Time since last request: 24.841544 seconds.
  path: Assets/Prefabs/BoardViewer.prefab
  artifactKey: Guid(98798a3a36a958b46a124968caa2c9d4) Importer(815301076,1909f56bfc062723c751e8b465ee728b)
Start importing Assets/Prefabs/BoardViewer.prefab using Guid(98798a3a36a958b46a124968caa2c9d4) Importer(815301076,1909f56bfc062723c751e8b465ee728b)  -> (artifact id: 'e0865a7300011728205b32b268aa030c') in 0.024204 seconds
  Import took 0.034747 seconds .

========================================================================
Received Import Request.
  Time since last request: 26.656233 seconds.
  path: Assets/Prefabs/ToolsCanvas.prefab
  artifactKey: Guid(07ed7a8185803b944a8e7a8c6dcf7854) Importer(815301076,1909f56bfc062723c751e8b465ee728b)
Start importing Assets/Prefabs/ToolsCanvas.prefab using Guid(07ed7a8185803b944a8e7a8c6dcf7854) Importer(815301076,1909f56bfc062723c751e8b465ee728b)  -> (artifact id: '41b5ed1a7db43728ca922fae6dc8f953') in 0.145802 seconds
  Import took 0.149015 seconds .

========================================================================
Received Import Request.
  Time since last request: 7.059221 seconds.
  path: Assets/Scenes
  artifactKey: Guid(f457222eb10d5b941bd0a7e6bab314c8) Importer(815301076,1909f56bfc062723c751e8b465ee728b)
Start importing Assets/Scenes using Guid(f457222eb10d5b941bd0a7e6bab314c8) Importer(815301076,1909f56bfc062723c751e8b465ee728b)  -> (artifact id: '5d2cdf728914af1c01f500f51f4c488b') in 0.007086 seconds
  Import took 0.142559 seconds .

========================================================================
Received Import Request.
  Time since last request: 11.055903 seconds.
  path: Assets/Scenes/Versus.unity
  artifactKey: Guid(5faabff1f0c02fd469d690da2cd92b64) Importer(815301076,1909f56bfc062723c751e8b465ee728b)
Start importing Assets/Scenes/Versus.unity using Guid(5faabff1f0c02fd469d690da2cd92b64) Importer(815301076,1909f56bfc062723c751e8b465ee728b)  -> (artifact id: 'a5acb85af71ee6764e450f6eacbac7b7') in 0.013631 seconds
  Import took 0.089081 seconds .

========================================================================
Received Import Request.
  Time since last request: 2.595711 seconds.
  path: Assets/Scenes/SampleScene.unity
  artifactKey: Guid(9fc0d4010bbf28b4594072e72b8655ab) Importer(815301076,1909f56bfc062723c751e8b465ee728b)
Start importing Assets/Scenes/SampleScene.unity using Guid(9fc0d4010bbf28b4594072e72b8655ab) Importer(815301076,1909f56bfc062723c751e8b465ee728b)  -> (artifact id: '625f15b57ae08f6c9ea4976cd11fa9b0') in 0.007612 seconds
  Import took 0.077603 seconds .

========================================================================
Received Prepare
Registering precompiled user dll's ...
Registered in 0.000742 seconds.
Begin MonoManager ReloadAssembly
Native extension for WindowsStandalone target not found
Native extension for WebGL target not found
Refreshing native plugins compatible for Editor in 0.34 ms, found 0 plugins.
Preloading 0 native plugins for Editor in 0.00 ms.
Mono: successfully reloaded assembly
- Completed reload, in  0.994 seconds
Platform modules already initialized, skipping
Refreshing native plugins compatible for Editor in 0.33 ms, found 0 plugins.
Preloading 0 native plugins for Editor in 0.00 ms.
Unloading 1462 Unused Serialized files (Serialized files now loaded: 0)
System memory in use before: 74.0 MB.
System memory in use after: 74.0 MB.

Unloading 7 unused Assets to reduce memory usage. Loaded Objects now: 1959.
Total: 2.211400 ms (FindLiveObjects: 0.207800 ms CreateObjectMapping: 0.050200 ms MarkObjects: 1.841400 ms  DeleteObjects: 0.110700 ms)

========================================================================
Received Import Request.
  Time since last request: 216.732068 seconds.
  path: Assets/Prefabs/BoardViewer.prefab
  artifactKey: Guid(98798a3a36a958b46a124968caa2c9d4) Importer(815301076,1909f56bfc062723c751e8b465ee728b)
Start importing Assets/Prefabs/BoardViewer.prefab using Guid(98798a3a36a958b46a124968caa2c9d4) Importer(815301076,1909f56bfc062723c751e8b465ee728b)  -> (artifact id: '1085ef498fc5d96c18b71887935dec24') in 0.099080 seconds
  Import took 0.129648 seconds .

AssetImportWorkerClient::OnTransportError - code=2 error=End of file
